===================
test5: NO LEAKS
Valgrind output: 
==15843== Memcheck, a memory error detector
==15843== Copyright (C) 2002-2022, and GNU GPL'd, by Julian Seward et al.
==15843== Using Valgrind-3.22.0 and LibVEX; rerun with -h for copyright info
==15843== Command: /home/112401035/cs2013_112401035/labe3/src/4/4
==15843== 
No
Yes
No
Yes
No
No
Yes
No
No
Yes
Yes
==15843== 
==15843== HEAP SUMMARY:
==15843==     in use at exit: 0 bytes in 0 blocks
==15843==   total heap usage: 2 allocs, 2 frees, 16,384 bytes allocated
==15843== 
==15843== All heap blocks were freed -- no leaks are possible
==15843== 
==15843== For lists of detected and suppressed errors, rerun with: -s
==15843== ERROR SUMMARY: 0 errors from 0 contexts (suppressed: 0 from 0)
===================

===================
test9: NO LEAKS
Valgrind output: 
==15848== Memcheck, a memory error detector
==15848== Copyright (C) 2002-2022, and GNU GPL'd, by Julian Seward et al.
==15848== Using Valgrind-3.22.0 and LibVEX; rerun with -h for copyright info
==15848== Command: /home/112401035/cs2013_112401035/labe3/src/4/4
==15848== 
Yes
No
Yes
Yes
Yes
No
Yes
==15848== 
==15848== HEAP SUMMARY:
==15848==     in use at exit: 0 bytes in 0 blocks
==15848==   total heap usage: 2 allocs, 2 frees, 16,384 bytes allocated
==15848== 
==15848== All heap blocks were freed -- no leaks are possible
==15848== 
==15848== For lists of detected and suppressed errors, rerun with: -s
==15848== ERROR SUMMARY: 0 errors from 0 contexts (suppressed: 0 from 0)
===================

===================
test7: NO LEAKS
Valgrind output: 
==15853== Memcheck, a memory error detector
==15853== Copyright (C) 2002-2022, and GNU GPL'd, by Julian Seward et al.
==15853== Using Valgrind-3.22.0 and LibVEX; rerun with -h for copyright info
==15853== Command: /home/112401035/cs2013_112401035/labe3/src/4/4
==15853== 
Yes
Yes
No
Yes
Yes
Yes
No
Yes
Yes
Yes
==15853== 
==15853== HEAP SUMMARY:
==15853==     in use at exit: 0 bytes in 0 blocks
==15853==   total heap usage: 2 allocs, 2 frees, 16,384 bytes allocated
==15853== 
==15853== All heap blocks were freed -- no leaks are possible
==15853== 
==15853== For lists of detected and suppressed errors, rerun with: -s
==15853== ERROR SUMMARY: 0 errors from 0 contexts (suppressed: 0 from 0)
===================

===================
test0: NO LEAKS
Valgrind output: 
==15858== Memcheck, a memory error detector
==15858== Copyright (C) 2002-2022, and GNU GPL'd, by Julian Seward et al.
==15858== Using Valgrind-3.22.0 and LibVEX; rerun with -h for copyright info
==15858== Command: /home/112401035/cs2013_112401035/labe3/src/4/4
==15858== 
Yes
No
==15858== 
==15858== HEAP SUMMARY:
==15858==     in use at exit: 0 bytes in 0 blocks
==15858==   total heap usage: 2 allocs, 2 frees, 16,384 bytes allocated
==15858== 
==15858== All heap blocks were freed -- no leaks are possible
==15858== 
==15858== For lists of detected and suppressed errors, rerun with: -s
==15858== ERROR SUMMARY: 0 errors from 0 contexts (suppressed: 0 from 0)
===================

===================
test2: NO LEAKS
Valgrind output: 
==15863== Memcheck, a memory error detector
==15863== Copyright (C) 2002-2022, and GNU GPL'd, by Julian Seward et al.
==15863== Using Valgrind-3.22.0 and LibVEX; rerun with -h for copyright info
==15863== Command: /home/112401035/cs2013_112401035/labe3/src/4/4
==15863== 
Yes
Yes
Yes
Yes
No
No
Yes
Yes
No
Yes
Yes
Yes
==15863== 
==15863== HEAP SUMMARY:
==15863==     in use at exit: 0 bytes in 0 blocks
==15863==   total heap usage: 2 allocs, 2 frees, 16,384 bytes allocated
==15863== 
==15863== All heap blocks were freed -- no leaks are possible
==15863== 
==15863== For lists of detected and suppressed errors, rerun with: -s
==15863== ERROR SUMMARY: 0 errors from 0 contexts (suppressed: 0 from 0)
===================

===================
test8: NO LEAKS
Valgrind output: 
==15868== Memcheck, a memory error detector
==15868== Copyright (C) 2002-2022, and GNU GPL'd, by Julian Seward et al.
==15868== Using Valgrind-3.22.0 and LibVEX; rerun with -h for copyright info
==15868== Command: /home/112401035/cs2013_112401035/labe3/src/4/4
==15868== 
Yes
Yes
No
Yes
Yes
Yes
Yes
Yes
Yes
Yes
No
==15868== 
==15868== HEAP SUMMARY:
==15868==     in use at exit: 0 bytes in 0 blocks
==15868==   total heap usage: 2 allocs, 2 frees, 16,384 bytes allocated
==15868== 
==15868== All heap blocks were freed -- no leaks are possible
==15868== 
==15868== For lists of detected and suppressed errors, rerun with: -s
==15868== ERROR SUMMARY: 0 errors from 0 contexts (suppressed: 0 from 0)
===================

===================
test6: NO LEAKS
Valgrind output: 
==15873== Memcheck, a memory error detector
==15873== Copyright (C) 2002-2022, and GNU GPL'd, by Julian Seward et al.
==15873== Using Valgrind-3.22.0 and LibVEX; rerun with -h for copyright info
==15873== Command: /home/112401035/cs2013_112401035/labe3/src/4/4
==15873== 
Yes
No
Yes
Yes
Yes
No
Yes
Yes
No
Yes
Yes
Yes
No
==15873== 
==15873== HEAP SUMMARY:
==15873==     in use at exit: 0 bytes in 0 blocks
==15873==   total heap usage: 2 allocs, 2 frees, 16,384 bytes allocated
==15873== 
==15873== All heap blocks were freed -- no leaks are possible
==15873== 
==15873== For lists of detected and suppressed errors, rerun with: -s
==15873== ERROR SUMMARY: 0 errors from 0 contexts (suppressed: 0 from 0)
===================

===================
test1: NO LEAKS
Valgrind output: 
==15878== Memcheck, a memory error detector
==15878== Copyright (C) 2002-2022, and GNU GPL'd, by Julian Seward et al.
==15878== Using Valgrind-3.22.0 and LibVEX; rerun with -h for copyright info
==15878== Command: /home/112401035/cs2013_112401035/labe3/src/4/4
==15878== 
No
Yes
No
Yes
Yes
Yes
Yes
No
Yes
Yes
No
Yes
Yes
==15878== 
==15878== HEAP SUMMARY:
==15878==     in use at exit: 0 bytes in 0 blocks
==15878==   total heap usage: 2 allocs, 2 frees, 16,384 bytes allocated
==15878== 
==15878== All heap blocks were freed -- no leaks are possible
==15878== 
==15878== For lists of detected and suppressed errors, rerun with: -s
==15878== ERROR SUMMARY: 0 errors from 0 contexts (suppressed: 0 from 0)
===================

===================
test10: NO LEAKS
Valgrind output: 
==15883== Memcheck, a memory error detector
==15883== Copyright (C) 2002-2022, and GNU GPL'd, by Julian Seward et al.
==15883== Using Valgrind-3.22.0 and LibVEX; rerun with -h for copyright info
==15883== Command: /home/112401035/cs2013_112401035/labe3/src/4/4
==15883== 
Yes
No
No
==15883== 
==15883== HEAP SUMMARY:
==15883==     in use at exit: 0 bytes in 0 blocks
==15883==   total heap usage: 2 allocs, 2 frees, 16,384 bytes allocated
==15883== 
==15883== All heap blocks were freed -- no leaks are possible
==15883== 
==15883== For lists of detected and suppressed errors, rerun with: -s
==15883== ERROR SUMMARY: 0 errors from 0 contexts (suppressed: 0 from 0)
===================

===================
test4: NO LEAKS
Valgrind output: 
==15888== Memcheck, a memory error detector
==15888== Copyright (C) 2002-2022, and GNU GPL'd, by Julian Seward et al.
==15888== Using Valgrind-3.22.0 and LibVEX; rerun with -h for copyright info
==15888== Command: /home/112401035/cs2013_112401035/labe3/src/4/4
==15888== 
Yes
Yes
Yes
Yes
Yes
Yes
Yes
Yes
Yes
Yes
Yes
No
Yes
==15888== 
==15888== HEAP SUMMARY:
==15888==     in use at exit: 0 bytes in 0 blocks
==15888==   total heap usage: 2 allocs, 2 frees, 16,384 bytes allocated
==15888== 
==15888== All heap blocks were freed -- no leaks are possible
==15888== 
==15888== For lists of detected and suppressed errors, rerun with: -s
==15888== ERROR SUMMARY: 0 errors from 0 contexts (suppressed: 0 from 0)
===================

===================
test3: NO LEAKS
Valgrind output: 
==15893== Memcheck, a memory error detector
==15893== Copyright (C) 2002-2022, and GNU GPL'd, by Julian Seward et al.
==15893== Using Valgrind-3.22.0 and LibVEX; rerun with -h for copyright info
==15893== Command: /home/112401035/cs2013_112401035/labe3/src/4/4
==15893== 
Yes
Yes
Yes
No
Yes
No
Yes
Yes
Yes
Yes
Yes
No
No
Yes
==15893== 
==15893== HEAP SUMMARY:
==15893==     in use at exit: 0 bytes in 0 blocks
==15893==   total heap usage: 2 allocs, 2 frees, 16,384 bytes allocated
==15893== 
==15893== All heap blocks were freed -- no leaks are possible
==15893== 
==15893== For lists of detected and suppressed errors, rerun with: -s
==15893== ERROR SUMMARY: 0 errors from 0 contexts (suppressed: 0 from 0)
===================

++++++++++++++++++++++
TESTS_WITH_NO_LEAK: 11
TESTS_SHOWING_LEAK: 0
++++++++++++++++++++++

