===================
test5: NO LEAKS
Valgrind output: 
==14919== Memcheck, a memory error detector
==14919== Copyright (C) 2002-2022, and GNU GPL'd, by Julian Seward et al.
==14919== Using Valgrind-3.22.0 and LibVEX; rerun with -h for copyright info
==14919== Command: /home/112401035/cs2013_112401035/labe3/src/1/1
==14919== 
==14919== Invalid write of size 1
==14919==    at 0x4EC26BC: _IO_vfscanf (in /usr/lib64/libc-2.28.so)
==14919==    by 0x4ECFABB: __isoc99_scanf (in /usr/lib64/libc-2.28.so)
==14919==    by 0x4006E0: main (in /home/112401035/cs2013_112401035/labe3/src/1/1)
==14919==  Address 0x5225087 is 0 bytes after a block of size 7 alloc'd
==14919==    at 0x4C39185: malloc (vg_replace_malloc.c:442)
==14919==    by 0x4006C6: main (in /home/112401035/cs2013_112401035/labe3/src/1/1)
==14919== 
==14919== Invalid write of size 1
==14919==    at 0x4EC2852: _IO_vfscanf (in /usr/lib64/libc-2.28.so)
==14919==    by 0x4ECFABB: __isoc99_scanf (in /usr/lib64/libc-2.28.so)
==14919==    by 0x4006E0: main (in /home/112401035/cs2013_112401035/labe3/src/1/1)
==14919==  Address 0x522508a is 3 bytes after a block of size 7 alloc'd
==14919==    at 0x4C39185: malloc (vg_replace_malloc.c:442)
==14919==    by 0x4006C6: main (in /home/112401035/cs2013_112401035/labe3/src/1/1)
==14919== 
2
==14919== 
==14919== HEAP SUMMARY:
==14919==     in use at exit: 0 bytes in 0 blocks
==14919==   total heap usage: 3 allocs, 3 frees, 16,391 bytes allocated
==14919== 
==14919== All heap blocks were freed -- no leaks are possible
==14919== 
==14919== For lists of detected and suppressed errors, rerun with: -s
==14919== ERROR SUMMARY: 4 errors from 2 contexts (suppressed: 0 from 0)
===================

===================
test9: NO LEAKS
Valgrind output: 
==14924== Memcheck, a memory error detector
==14924== Copyright (C) 2002-2022, and GNU GPL'd, by Julian Seward et al.
==14924== Using Valgrind-3.22.0 and LibVEX; rerun with -h for copyright info
==14924== Command: /home/112401035/cs2013_112401035/labe3/src/1/1
==14924== 
64
==14924== 
==14924== HEAP SUMMARY:
==14924==     in use at exit: 0 bytes in 0 blocks
==14924==   total heap usage: 3 allocs, 3 frees, 21,043 bytes allocated
==14924== 
==14924== All heap blocks were freed -- no leaks are possible
==14924== 
==14924== For lists of detected and suppressed errors, rerun with: -s
==14924== ERROR SUMMARY: 0 errors from 0 contexts (suppressed: 0 from 0)
===================

===================
test7: NO LEAKS
Valgrind output: 
==14929== Memcheck, a memory error detector
==14929== Copyright (C) 2002-2022, and GNU GPL'd, by Julian Seward et al.
==14929== Using Valgrind-3.22.0 and LibVEX; rerun with -h for copyright info
==14929== Command: /home/112401035/cs2013_112401035/labe3/src/1/1
==14929== 
==14929== Invalid write of size 1
==14929==    at 0x4EC2852: _IO_vfscanf (in /usr/lib64/libc-2.28.so)
==14929==    by 0x4ECFABB: __isoc99_scanf (in /usr/lib64/libc-2.28.so)
==14929==    by 0x4006E0: main (in /home/112401035/cs2013_112401035/labe3/src/1/1)
==14929==  Address 0x5225082 is 0 bytes after a block of size 2 alloc'd
==14929==    at 0x4C39185: malloc (vg_replace_malloc.c:442)
==14929==    by 0x4006C6: main (in /home/112401035/cs2013_112401035/labe3/src/1/1)
==14929== 
0
==14929== 
==14929== HEAP SUMMARY:
==14929==     in use at exit: 0 bytes in 0 blocks
==14929==   total heap usage: 3 allocs, 3 frees, 16,386 bytes allocated
==14929== 
==14929== All heap blocks were freed -- no leaks are possible
==14929== 
==14929== For lists of detected and suppressed errors, rerun with: -s
==14929== ERROR SUMMARY: 1 errors from 1 contexts (suppressed: 0 from 0)
===================

===================
test0: NO LEAKS
Valgrind output: 
==14934== Memcheck, a memory error detector
==14934== Copyright (C) 2002-2022, and GNU GPL'd, by Julian Seward et al.
==14934== Using Valgrind-3.22.0 and LibVEX; rerun with -h for copyright info
==14934== Command: /home/112401035/cs2013_112401035/labe3/src/1/1
==14934== 
==14934== Invalid write of size 1
==14934==    at 0x4EC26BC: _IO_vfscanf (in /usr/lib64/libc-2.28.so)
==14934==    by 0x4ECFABB: __isoc99_scanf (in /usr/lib64/libc-2.28.so)
==14934==    by 0x4006E0: main (in /home/112401035/cs2013_112401035/labe3/src/1/1)
==14934==  Address 0x522508d is 0 bytes after a block of size 13 alloc'd
==14934==    at 0x4C39185: malloc (vg_replace_malloc.c:442)
==14934==    by 0x4006C6: main (in /home/112401035/cs2013_112401035/labe3/src/1/1)
==14934== 
==14934== Invalid write of size 1
==14934==    at 0x4EC2852: _IO_vfscanf (in /usr/lib64/libc-2.28.so)
==14934==    by 0x4ECFABB: __isoc99_scanf (in /usr/lib64/libc-2.28.so)
==14934==    by 0x4006E0: main (in /home/112401035/cs2013_112401035/labe3/src/1/1)
==14934==  Address 0x5225091 is 4 bytes after a block of size 13 alloc'd
==14934==    at 0x4C39185: malloc (vg_replace_malloc.c:442)
==14934==    by 0x4006C6: main (in /home/112401035/cs2013_112401035/labe3/src/1/1)
==14934== 
2
==14934== 
==14934== HEAP SUMMARY:
==14934==     in use at exit: 0 bytes in 0 blocks
==14934==   total heap usage: 3 allocs, 3 frees, 16,397 bytes allocated
==14934== 
==14934== All heap blocks were freed -- no leaks are possible
==14934== 
==14934== For lists of detected and suppressed errors, rerun with: -s
==14934== ERROR SUMMARY: 5 errors from 2 contexts (suppressed: 0 from 0)
===================

===================
test2: NO LEAKS
Valgrind output: 
==14939== Memcheck, a memory error detector
==14939== Copyright (C) 2002-2022, and GNU GPL'd, by Julian Seward et al.
==14939== Using Valgrind-3.22.0 and LibVEX; rerun with -h for copyright info
==14939== Command: /home/112401035/cs2013_112401035/labe3/src/1/1
==14939== 
==14939== Invalid write of size 1
==14939==    at 0x4EC2852: _IO_vfscanf (in /usr/lib64/libc-2.28.so)
==14939==    by 0x4ECFABB: __isoc99_scanf (in /usr/lib64/libc-2.28.so)
==14939==    by 0x4006E0: main (in /home/112401035/cs2013_112401035/labe3/src/1/1)
==14939==  Address 0x52250ca is 0 bytes after a block of size 74 alloc'd
==14939==    at 0x4C39185: malloc (vg_replace_malloc.c:442)
==14939==    by 0x4006C6: main (in /home/112401035/cs2013_112401035/labe3/src/1/1)
==14939== 
3
==14939== 
==14939== HEAP SUMMARY:
==14939==     in use at exit: 0 bytes in 0 blocks
==14939==   total heap usage: 3 allocs, 3 frees, 16,458 bytes allocated
==14939== 
==14939== All heap blocks were freed -- no leaks are possible
==14939== 
==14939== For lists of detected and suppressed errors, rerun with: -s
==14939== ERROR SUMMARY: 1 errors from 1 contexts (suppressed: 0 from 0)
===================

===================
test8: NO LEAKS
Valgrind output: 
==14944== Memcheck, a memory error detector
==14944== Copyright (C) 2002-2022, and GNU GPL'd, by Julian Seward et al.
==14944== Using Valgrind-3.22.0 and LibVEX; rerun with -h for copyright info
==14944== Command: /home/112401035/cs2013_112401035/labe3/src/1/1
==14944== 
==14944== Invalid write of size 1
==14944==    at 0x4EC2852: _IO_vfscanf (in /usr/lib64/libc-2.28.so)
==14944==    by 0x4ECFABB: __isoc99_scanf (in /usr/lib64/libc-2.28.so)
==14944==    by 0x4006E0: main (in /home/112401035/cs2013_112401035/labe3/src/1/1)
==14944==  Address 0x5225083 is 0 bytes after a block of size 3 alloc'd
==14944==    at 0x4C39185: malloc (vg_replace_malloc.c:442)
==14944==    by 0x4006C6: main (in /home/112401035/cs2013_112401035/labe3/src/1/1)
==14944== 
0
==14944== 
==14944== HEAP SUMMARY:
==14944==     in use at exit: 0 bytes in 0 blocks
==14944==   total heap usage: 3 allocs, 3 frees, 16,387 bytes allocated
==14944== 
==14944== All heap blocks were freed -- no leaks are possible
==14944== 
==14944== For lists of detected and suppressed errors, rerun with: -s
==14944== ERROR SUMMARY: 1 errors from 1 contexts (suppressed: 0 from 0)
===================

===================
test6: NO LEAKS
Valgrind output: 
==14949== Memcheck, a memory error detector
==14949== Copyright (C) 2002-2022, and GNU GPL'd, by Julian Seward et al.
==14949== Using Valgrind-3.22.0 and LibVEX; rerun with -h for copyright info
==14949== Command: /home/112401035/cs2013_112401035/labe3/src/1/1
==14949== 
==14949== Invalid write of size 1
==14949==    at 0x4EC2852: _IO_vfscanf (in /usr/lib64/libc-2.28.so)
==14949==    by 0x4ECFABB: __isoc99_scanf (in /usr/lib64/libc-2.28.so)
==14949==    by 0x4006E0: main (in /home/112401035/cs2013_112401035/labe3/src/1/1)
==14949==  Address 0x522508a is 0 bytes after a block of size 10 alloc'd
==14949==    at 0x4C39185: malloc (vg_replace_malloc.c:442)
==14949==    by 0x4006C6: main (in /home/112401035/cs2013_112401035/labe3/src/1/1)
==14949== 
4
==14949== 
==14949== HEAP SUMMARY:
==14949==     in use at exit: 0 bytes in 0 blocks
==14949==   total heap usage: 3 allocs, 3 frees, 16,394 bytes allocated
==14949== 
==14949== All heap blocks were freed -- no leaks are possible
==14949== 
==14949== For lists of detected and suppressed errors, rerun with: -s
==14949== ERROR SUMMARY: 1 errors from 1 contexts (suppressed: 0 from 0)
===================

===================
test1: NO LEAKS
Valgrind output: 
==14954== Memcheck, a memory error detector
==14954== Copyright (C) 2002-2022, and GNU GPL'd, by Julian Seward et al.
==14954== Using Valgrind-3.22.0 and LibVEX; rerun with -h for copyright info
==14954== Command: /home/112401035/cs2013_112401035/labe3/src/1/1
==14954== 
==14954== Invalid write of size 1
==14954==    at 0x4EC2852: _IO_vfscanf (in /usr/lib64/libc-2.28.so)
==14954==    by 0x4ECFABB: __isoc99_scanf (in /usr/lib64/libc-2.28.so)
==14954==    by 0x4006E0: main (in /home/112401035/cs2013_112401035/labe3/src/1/1)
==14954==  Address 0x5225091 is 0 bytes after a block of size 17 alloc'd
==14954==    at 0x4C39185: malloc (vg_replace_malloc.c:442)
==14954==    by 0x4006C6: main (in /home/112401035/cs2013_112401035/labe3/src/1/1)
==14954== 
3
==14954== 
==14954== HEAP SUMMARY:
==14954==     in use at exit: 0 bytes in 0 blocks
==14954==   total heap usage: 3 allocs, 3 frees, 16,401 bytes allocated
==14954== 
==14954== All heap blocks were freed -- no leaks are possible
==14954== 
==14954== For lists of detected and suppressed errors, rerun with: -s
==14954== ERROR SUMMARY: 1 errors from 1 contexts (suppressed: 0 from 0)
===================

===================
test10: NO LEAKS
Valgrind output: 
==14959== Memcheck, a memory error detector
==14959== Copyright (C) 2002-2022, and GNU GPL'd, by Julian Seward et al.
==14959== Using Valgrind-3.22.0 and LibVEX; rerun with -h for copyright info
==14959== Command: /home/112401035/cs2013_112401035/labe3/src/1/1
==14959== 
==14959== Invalid write of size 1
==14959==    at 0x4EC2852: _IO_vfscanf (in /usr/lib64/libc-2.28.so)
==14959==    by 0x4ECFABB: __isoc99_scanf (in /usr/lib64/libc-2.28.so)
==14959==    by 0x4006E0: main (in /home/112401035/cs2013_112401035/labe3/src/1/1)
==14959==  Address 0x5225151 is 0 bytes after a block of size 209 alloc'd
==14959==    at 0x4C39185: malloc (vg_replace_malloc.c:442)
==14959==    by 0x4006C6: main (in /home/112401035/cs2013_112401035/labe3/src/1/1)
==14959== 
2
==14959== 
==14959== HEAP SUMMARY:
==14959==     in use at exit: 0 bytes in 0 blocks
==14959==   total heap usage: 3 allocs, 3 frees, 16,593 bytes allocated
==14959== 
==14959== All heap blocks were freed -- no leaks are possible
==14959== 
==14959== For lists of detected and suppressed errors, rerun with: -s
==14959== ERROR SUMMARY: 1 errors from 1 contexts (suppressed: 0 from 0)
===================

===================
test4: NO LEAKS
Valgrind output: 
==14964== Memcheck, a memory error detector
==14964== Copyright (C) 2002-2022, and GNU GPL'd, by Julian Seward et al.
==14964== Using Valgrind-3.22.0 and LibVEX; rerun with -h for copyright info
==14964== Command: /home/112401035/cs2013_112401035/labe3/src/1/1
==14964== 
==14964== Invalid write of size 1
==14964==    at 0x4EC26BC: _IO_vfscanf (in /usr/lib64/libc-2.28.so)
==14964==    by 0x4ECFABB: __isoc99_scanf (in /usr/lib64/libc-2.28.so)
==14964==    by 0x4006E0: main (in /home/112401035/cs2013_112401035/labe3/src/1/1)
==14964==  Address 0x5225086 is 0 bytes after a block of size 6 alloc'd
==14964==    at 0x4C39185: malloc (vg_replace_malloc.c:442)
==14964==    by 0x4006C6: main (in /home/112401035/cs2013_112401035/labe3/src/1/1)
==14964== 
==14964== Invalid write of size 1
==14964==    at 0x4EC2852: _IO_vfscanf (in /usr/lib64/libc-2.28.so)
==14964==    by 0x4ECFABB: __isoc99_scanf (in /usr/lib64/libc-2.28.so)
==14964==    by 0x4006E0: main (in /home/112401035/cs2013_112401035/labe3/src/1/1)
==14964==  Address 0x522508a is 4 bytes after a block of size 6 alloc'd
==14964==    at 0x4C39185: malloc (vg_replace_malloc.c:442)
==14964==    by 0x4006C6: main (in /home/112401035/cs2013_112401035/labe3/src/1/1)
==14964== 
2
==14964== 
==14964== HEAP SUMMARY:
==14964==     in use at exit: 0 bytes in 0 blocks
==14964==   total heap usage: 3 allocs, 3 frees, 16,390 bytes allocated
==14964== 
==14964== All heap blocks were freed -- no leaks are possible
==14964== 
==14964== For lists of detected and suppressed errors, rerun with: -s
==14964== ERROR SUMMARY: 5 errors from 2 contexts (suppressed: 0 from 0)
===================

===================
test3: NO LEAKS
Valgrind output: 
==14969== Memcheck, a memory error detector
==14969== Copyright (C) 2002-2022, and GNU GPL'd, by Julian Seward et al.
==14969== Using Valgrind-3.22.0 and LibVEX; rerun with -h for copyright info
==14969== Command: /home/112401035/cs2013_112401035/labe3/src/1/1
==14969== 
==14969== Invalid write of size 1
==14969==    at 0x4EC2852: _IO_vfscanf (in /usr/lib64/libc-2.28.so)
==14969==    by 0x4ECFABB: __isoc99_scanf (in /usr/lib64/libc-2.28.so)
==14969==    by 0x4006E0: main (in /home/112401035/cs2013_112401035/labe3/src/1/1)
==14969==  Address 0x5225104 is 0 bytes after a block of size 132 alloc'd
==14969==    at 0x4C39185: malloc (vg_replace_malloc.c:442)
==14969==    by 0x4006C6: main (in /home/112401035/cs2013_112401035/labe3/src/1/1)
==14969== 
4
==14969== 
==14969== HEAP SUMMARY:
==14969==     in use at exit: 0 bytes in 0 blocks
==14969==   total heap usage: 3 allocs, 3 frees, 16,516 bytes allocated
==14969== 
==14969== All heap blocks were freed -- no leaks are possible
==14969== 
==14969== For lists of detected and suppressed errors, rerun with: -s
==14969== ERROR SUMMARY: 1 errors from 1 contexts (suppressed: 0 from 0)
===================

++++++++++++++++++++++
TESTS_WITH_NO_LEAK: 11
TESTS_SHOWING_LEAK: 0
++++++++++++++++++++++

