===================
test5: NO LEAKS
Valgrind output: 
==10033== Memcheck, a memory error detector
==10033== Copyright (C) 2002-2022, and GNU GPL'd, by Julian Seward et al.
==10033== Using Valgrind-3.22.0 and LibVEX; rerun with -h for copyright info
==10033== Command: /home/112401035/cs2013_112401035/lab10/src/4/4
==10033== 
==10033== Conditional jump or move depends on uninitialised value(s)
==10033==    at 0x40075B: grow (in /home/112401035/cs2013_112401035/lab10/src/4/4)
==10033==    by 0x400A06: insert (in /home/112401035/cs2013_112401035/lab10/src/4/4)
==10033==    by 0x400FC6: read (in /home/112401035/cs2013_112401035/lab10/src/4/4)
==10033==    by 0x40101C: main (in /home/112401035/cs2013_112401035/lab10/src/4/4)
==10033== 
==10033== Conditional jump or move depends on uninitialised value(s)
==10033==    at 0x400A59: insert (in /home/112401035/cs2013_112401035/lab10/src/4/4)
==10033==    by 0x400FC6: read (in /home/112401035/cs2013_112401035/lab10/src/4/4)
==10033==    by 0x40101C: main (in /home/112401035/cs2013_112401035/lab10/src/4/4)
==10033== 
==10033== Conditional jump or move depends on uninitialised value(s)
==10033==    at 0x4008A3: update (in /home/112401035/cs2013_112401035/lab10/src/4/4)
==10033==    by 0x400A7F: insert (in /home/112401035/cs2013_112401035/lab10/src/4/4)
==10033==    by 0x400FC6: read (in /home/112401035/cs2013_112401035/lab10/src/4/4)
==10033==    by 0x40101C: main (in /home/112401035/cs2013_112401035/lab10/src/4/4)
==10033== 
==10033== Conditional jump or move depends on uninitialised value(s)
==10033==    at 0x40079D: grow (in /home/112401035/cs2013_112401035/lab10/src/4/4)
==10033==    by 0x400A06: insert (in /home/112401035/cs2013_112401035/lab10/src/4/4)
==10033==    by 0x400FC6: read (in /home/112401035/cs2013_112401035/lab10/src/4/4)
==10033==    by 0x40101C: main (in /home/112401035/cs2013_112401035/lab10/src/4/4)
==10033== 
==10033== Use of uninitialised value of size 8
==10033==    at 0x400A4B: insert (in /home/112401035/cs2013_112401035/lab10/src/4/4)
==10033==    by 0x400FC6: read (in /home/112401035/cs2013_112401035/lab10/src/4/4)
==10033==    by 0x40101C: main (in /home/112401035/cs2013_112401035/lab10/src/4/4)
==10033== 
==10033== Use of uninitialised value of size 8
==10033==    at 0x400A4D: insert (in /home/112401035/cs2013_112401035/lab10/src/4/4)
==10033==    by 0x400FC6: read (in /home/112401035/cs2013_112401035/lab10/src/4/4)
==10033==    by 0x40101C: main (in /home/112401035/cs2013_112401035/lab10/src/4/4)
==10033== 
==10033== Conditional jump or move depends on uninitialised value(s)
==10033==    at 0x40075B: grow (in /home/112401035/cs2013_112401035/lab10/src/4/4)
==10033==    by 0x400A06: insert (in /home/112401035/cs2013_112401035/lab10/src/4/4)
==10033==    by 0x400FC6: read (in /home/112401035/cs2013_112401035/lab10/src/4/4)
==10033==    by 0x401042: main (in /home/112401035/cs2013_112401035/lab10/src/4/4)
==10033== 
==10033== Conditional jump or move depends on uninitialised value(s)
==10033==    at 0x400A59: insert (in /home/112401035/cs2013_112401035/lab10/src/4/4)
==10033==    by 0x400FC6: read (in /home/112401035/cs2013_112401035/lab10/src/4/4)
==10033==    by 0x401042: main (in /home/112401035/cs2013_112401035/lab10/src/4/4)
==10033== 
==10033== Conditional jump or move depends on uninitialised value(s)
==10033==    at 0x4008A3: update (in /home/112401035/cs2013_112401035/lab10/src/4/4)
==10033==    by 0x400A7F: insert (in /home/112401035/cs2013_112401035/lab10/src/4/4)
==10033==    by 0x400FC6: read (in /home/112401035/cs2013_112401035/lab10/src/4/4)
==10033==    by 0x401042: main (in /home/112401035/cs2013_112401035/lab10/src/4/4)
==10033== 
==10033== Conditional jump or move depends on uninitialised value(s)
==10033==    at 0x40079D: grow (in /home/112401035/cs2013_112401035/lab10/src/4/4)
==10033==    by 0x400A06: insert (in /home/112401035/cs2013_112401035/lab10/src/4/4)
==10033==    by 0x400FC6: read (in /home/112401035/cs2013_112401035/lab10/src/4/4)
==10033==    by 0x401042: main (in /home/112401035/cs2013_112401035/lab10/src/4/4)
==10033== 
==10033== Use of uninitialised value of size 8
==10033==    at 0x400A4B: insert (in /home/112401035/cs2013_112401035/lab10/src/4/4)
==10033==    by 0x400FC6: read (in /home/112401035/cs2013_112401035/lab10/src/4/4)
==10033==    by 0x401042: main (in /home/112401035/cs2013_112401035/lab10/src/4/4)
==10033== 
==10033== Use of uninitialised value of size 8
==10033==    at 0x400A4D: insert (in /home/112401035/cs2013_112401035/lab10/src/4/4)
==10033==    by 0x400FC6: read (in /home/112401035/cs2013_112401035/lab10/src/4/4)
==10033==    by 0x401042: main (in /home/112401035/cs2013_112401035/lab10/src/4/4)
==10033== 
==10033== Conditional jump or move depends on uninitialised value(s)
==10033==    at 0x400B74: equal (in /home/112401035/cs2013_112401035/lab10/src/4/4)
==10033==    by 0x400BFF: add (in /home/112401035/cs2013_112401035/lab10/src/4/4)
==10033==    by 0x401055: main (in /home/112401035/cs2013_112401035/lab10/src/4/4)
==10033== 
==10033== Conditional jump or move depends on uninitialised value(s)
==10033==    at 0x400BD4: equal (in /home/112401035/cs2013_112401035/lab10/src/4/4)
==10033==    by 0x400BFF: add (in /home/112401035/cs2013_112401035/lab10/src/4/4)
==10033==    by 0x401055: main (in /home/112401035/cs2013_112401035/lab10/src/4/4)
==10033== 
==10033== Conditional jump or move depends on uninitialised value(s)
==10033==    at 0x400CF5: add (in /home/112401035/cs2013_112401035/lab10/src/4/4)
==10033==    by 0x401055: main (in /home/112401035/cs2013_112401035/lab10/src/4/4)
==10033== 
==10033== Conditional jump or move depends on uninitialised value(s)
==10033==    at 0x40075B: grow (in /home/112401035/cs2013_112401035/lab10/src/4/4)
==10033==    by 0x4009A9: append (in /home/112401035/cs2013_112401035/lab10/src/4/4)
==10033==    by 0x400CC2: add (in /home/112401035/cs2013_112401035/lab10/src/4/4)
==10033==    by 0x401055: main (in /home/112401035/cs2013_112401035/lab10/src/4/4)
==10033== 
==10033== Use of uninitialised value of size 8
==10033==    at 0x4009CF: append (in /home/112401035/cs2013_112401035/lab10/src/4/4)
==10033==    by 0x400CC2: add (in /home/112401035/cs2013_112401035/lab10/src/4/4)
==10033==    by 0x401055: main (in /home/112401035/cs2013_112401035/lab10/src/4/4)
==10033== 
==10033== Conditional jump or move depends on uninitialised value(s)
==10033==    at 0x40079D: grow (in /home/112401035/cs2013_112401035/lab10/src/4/4)
==10033==    by 0x4009A9: append (in /home/112401035/cs2013_112401035/lab10/src/4/4)
==10033==    by 0x400CC2: add (in /home/112401035/cs2013_112401035/lab10/src/4/4)
==10033==    by 0x401055: main (in /home/112401035/cs2013_112401035/lab10/src/4/4)
==10033== 
==10033== Conditional jump or move depends on uninitialised value(s)
==10033==    at 0x40079D: grow (in /home/112401035/cs2013_112401035/lab10/src/4/4)
==10033==    by 0x4009A9: append (in /home/112401035/cs2013_112401035/lab10/src/4/4)
==10033==    by 0x400D14: add (in /home/112401035/cs2013_112401035/lab10/src/4/4)
==10033==    by 0x401055: main (in /home/112401035/cs2013_112401035/lab10/src/4/4)
==10033== 
==10033== Use of uninitialised value of size 8
==10033==    at 0x4009CF: append (in /home/112401035/cs2013_112401035/lab10/src/4/4)
==10033==    by 0x400D14: add (in /home/112401035/cs2013_112401035/lab10/src/4/4)
==10033==    by 0x401055: main (in /home/112401035/cs2013_112401035/lab10/src/4/4)
==10033== 
==10033== Conditional jump or move depends on uninitialised value(s)
==10033==    at 0x400F4B: print (in /home/112401035/cs2013_112401035/lab10/src/4/4)
==10033==    by 0x401065: main (in /home/112401035/cs2013_112401035/lab10/src/4/4)
==10033== 
==10033== Conditional jump or move depends on uninitialised value(s)
==10033==    at 0x400EEB: print (in /home/112401035/cs2013_112401035/lab10/src/4/4)
==10033==    by 0x401065: main (in /home/112401035/cs2013_112401035/lab10/src/4/4)
==10033== 
==10033== Use of uninitialised value of size 8
==10033==    at 0x400F04: print (in /home/112401035/cs2013_112401035/lab10/src/4/4)
==10033==    by 0x401065: main (in /home/112401035/cs2013_112401035/lab10/src/4/4)
==10033== 
==10033== Use of uninitialised value of size 8
==10033==    at 0x400F30: print (in /home/112401035/cs2013_112401035/lab10/src/4/4)
==10033==    by 0x401065: main (in /home/112401035/cs2013_112401035/lab10/src/4/4)
==10033== 
1999999999999999999999999998
==10033== 
==10033== HEAP SUMMARY:
==10033==     in use at exit: 0 bytes in 0 blocks
==10033==   total heap usage: 17 allocs, 17 frees, 16,564 bytes allocated
==10033== 
==10033== All heap blocks were freed -- no leaks are possible
==10033== 
==10033== Use --track-origins=yes to see where uninitialised values come from
==10033== For lists of detected and suppressed errors, rerun with: -s
==10033== ERROR SUMMARY: 66 errors from 24 contexts (suppressed: 0 from 0)
===================

===================
test9: NO LEAKS
Valgrind output: 
==10038== Memcheck, a memory error detector
==10038== Copyright (C) 2002-2022, and GNU GPL'd, by Julian Seward et al.
==10038== Using Valgrind-3.22.0 and LibVEX; rerun with -h for copyright info
==10038== Command: /home/112401035/cs2013_112401035/lab10/src/4/4
==10038== 
==10038== Conditional jump or move depends on uninitialised value(s)
==10038==    at 0x40075B: grow (in /home/112401035/cs2013_112401035/lab10/src/4/4)
==10038==    by 0x400A06: insert (in /home/112401035/cs2013_112401035/lab10/src/4/4)
==10038==    by 0x400FC6: read (in /home/112401035/cs2013_112401035/lab10/src/4/4)
==10038==    by 0x40101C: main (in /home/112401035/cs2013_112401035/lab10/src/4/4)
==10038== 
==10038== Conditional jump or move depends on uninitialised value(s)
==10038==    at 0x400A59: insert (in /home/112401035/cs2013_112401035/lab10/src/4/4)
==10038==    by 0x400FC6: read (in /home/112401035/cs2013_112401035/lab10/src/4/4)
==10038==    by 0x40101C: main (in /home/112401035/cs2013_112401035/lab10/src/4/4)
==10038== 
==10038== Conditional jump or move depends on uninitialised value(s)
==10038==    at 0x4008A3: update (in /home/112401035/cs2013_112401035/lab10/src/4/4)
==10038==    by 0x400A7F: insert (in /home/112401035/cs2013_112401035/lab10/src/4/4)
==10038==    by 0x400FC6: read (in /home/112401035/cs2013_112401035/lab10/src/4/4)
==10038==    by 0x40101C: main (in /home/112401035/cs2013_112401035/lab10/src/4/4)
==10038== 
==10038== Conditional jump or move depends on uninitialised value(s)
==10038==    at 0x40079D: grow (in /home/112401035/cs2013_112401035/lab10/src/4/4)
==10038==    by 0x400A06: insert (in /home/112401035/cs2013_112401035/lab10/src/4/4)
==10038==    by 0x400FC6: read (in /home/112401035/cs2013_112401035/lab10/src/4/4)
==10038==    by 0x40101C: main (in /home/112401035/cs2013_112401035/lab10/src/4/4)
==10038== 
==10038== Use of uninitialised value of size 8
==10038==    at 0x400A4B: insert (in /home/112401035/cs2013_112401035/lab10/src/4/4)
==10038==    by 0x400FC6: read (in /home/112401035/cs2013_112401035/lab10/src/4/4)
==10038==    by 0x40101C: main (in /home/112401035/cs2013_112401035/lab10/src/4/4)
==10038== 
==10038== Use of uninitialised value of size 8
==10038==    at 0x400A4D: insert (in /home/112401035/cs2013_112401035/lab10/src/4/4)
==10038==    by 0x400FC6: read (in /home/112401035/cs2013_112401035/lab10/src/4/4)
==10038==    by 0x40101C: main (in /home/112401035/cs2013_112401035/lab10/src/4/4)
==10038== 
==10038== Conditional jump or move depends on uninitialised value(s)
==10038==    at 0x40075B: grow (in /home/112401035/cs2013_112401035/lab10/src/4/4)
==10038==    by 0x400A06: insert (in /home/112401035/cs2013_112401035/lab10/src/4/4)
==10038==    by 0x400FC6: read (in /home/112401035/cs2013_112401035/lab10/src/4/4)
==10038==    by 0x401042: main (in /home/112401035/cs2013_112401035/lab10/src/4/4)
==10038== 
==10038== Conditional jump or move depends on uninitialised value(s)
==10038==    at 0x400A59: insert (in /home/112401035/cs2013_112401035/lab10/src/4/4)
==10038==    by 0x400FC6: read (in /home/112401035/cs2013_112401035/lab10/src/4/4)
==10038==    by 0x401042: main (in /home/112401035/cs2013_112401035/lab10/src/4/4)
==10038== 
==10038== Conditional jump or move depends on uninitialised value(s)
==10038==    at 0x4008A3: update (in /home/112401035/cs2013_112401035/lab10/src/4/4)
==10038==    by 0x400A7F: insert (in /home/112401035/cs2013_112401035/lab10/src/4/4)
==10038==    by 0x400FC6: read (in /home/112401035/cs2013_112401035/lab10/src/4/4)
==10038==    by 0x401042: main (in /home/112401035/cs2013_112401035/lab10/src/4/4)
==10038== 
==10038== Conditional jump or move depends on uninitialised value(s)
==10038==    at 0x40079D: grow (in /home/112401035/cs2013_112401035/lab10/src/4/4)
==10038==    by 0x400A06: insert (in /home/112401035/cs2013_112401035/lab10/src/4/4)
==10038==    by 0x400FC6: read (in /home/112401035/cs2013_112401035/lab10/src/4/4)
==10038==    by 0x401042: main (in /home/112401035/cs2013_112401035/lab10/src/4/4)
==10038== 
==10038== Use of uninitialised value of size 8
==10038==    at 0x400A4B: insert (in /home/112401035/cs2013_112401035/lab10/src/4/4)
==10038==    by 0x400FC6: read (in /home/112401035/cs2013_112401035/lab10/src/4/4)
==10038==    by 0x401042: main (in /home/112401035/cs2013_112401035/lab10/src/4/4)
==10038== 
==10038== Use of uninitialised value of size 8
==10038==    at 0x400A4D: insert (in /home/112401035/cs2013_112401035/lab10/src/4/4)
==10038==    by 0x400FC6: read (in /home/112401035/cs2013_112401035/lab10/src/4/4)
==10038==    by 0x401042: main (in /home/112401035/cs2013_112401035/lab10/src/4/4)
==10038== 
==10038== Conditional jump or move depends on uninitialised value(s)
==10038==    at 0x400B74: equal (in /home/112401035/cs2013_112401035/lab10/src/4/4)
==10038==    by 0x400BFF: add (in /home/112401035/cs2013_112401035/lab10/src/4/4)
==10038==    by 0x401055: main (in /home/112401035/cs2013_112401035/lab10/src/4/4)
==10038== 
==10038== Conditional jump or move depends on uninitialised value(s)
==10038==    at 0x400BD4: equal (in /home/112401035/cs2013_112401035/lab10/src/4/4)
==10038==    by 0x400BFF: add (in /home/112401035/cs2013_112401035/lab10/src/4/4)
==10038==    by 0x401055: main (in /home/112401035/cs2013_112401035/lab10/src/4/4)
==10038== 
==10038== Conditional jump or move depends on uninitialised value(s)
==10038==    at 0x400D4E: add (in /home/112401035/cs2013_112401035/lab10/src/4/4)
==10038==    by 0x401055: main (in /home/112401035/cs2013_112401035/lab10/src/4/4)
==10038== 
==10038== Conditional jump or move depends on uninitialised value(s)
==10038==    at 0x400E7D: add (in /home/112401035/cs2013_112401035/lab10/src/4/4)
==10038==    by 0x401055: main (in /home/112401035/cs2013_112401035/lab10/src/4/4)
==10038== 
==10038== Conditional jump or move depends on uninitialised value(s)
==10038==    at 0x400D8C: add (in /home/112401035/cs2013_112401035/lab10/src/4/4)
==10038==    by 0x401055: main (in /home/112401035/cs2013_112401035/lab10/src/4/4)
==10038== 
==10038== Conditional jump or move depends on uninitialised value(s)
==10038==    at 0x400DC4: add (in /home/112401035/cs2013_112401035/lab10/src/4/4)
==10038==    by 0x401055: main (in /home/112401035/cs2013_112401035/lab10/src/4/4)
==10038== 
==10038== Conditional jump or move depends on uninitialised value(s)
==10038==    at 0x40075B: grow (in /home/112401035/cs2013_112401035/lab10/src/4/4)
==10038==    by 0x4009A9: append (in /home/112401035/cs2013_112401035/lab10/src/4/4)
==10038==    by 0x400E4A: add (in /home/112401035/cs2013_112401035/lab10/src/4/4)
==10038==    by 0x401055: main (in /home/112401035/cs2013_112401035/lab10/src/4/4)
==10038== 
==10038== Use of uninitialised value of size 8
==10038==    at 0x4009CF: append (in /home/112401035/cs2013_112401035/lab10/src/4/4)
==10038==    by 0x400E4A: add (in /home/112401035/cs2013_112401035/lab10/src/4/4)
==10038==    by 0x401055: main (in /home/112401035/cs2013_112401035/lab10/src/4/4)
==10038== 
==10038== Conditional jump or move depends on uninitialised value(s)
==10038==    at 0x40079D: grow (in /home/112401035/cs2013_112401035/lab10/src/4/4)
==10038==    by 0x4009A9: append (in /home/112401035/cs2013_112401035/lab10/src/4/4)
==10038==    by 0x400E4A: add (in /home/112401035/cs2013_112401035/lab10/src/4/4)
==10038==    by 0x401055: main (in /home/112401035/cs2013_112401035/lab10/src/4/4)
==10038== 
==10038== Conditional jump or move depends on uninitialised value(s)
==10038==    at 0x40079D: grow (in /home/112401035/cs2013_112401035/lab10/src/4/4)
==10038==    by 0x4009A9: append (in /home/112401035/cs2013_112401035/lab10/src/4/4)
==10038==    by 0x400E9C: add (in /home/112401035/cs2013_112401035/lab10/src/4/4)
==10038==    by 0x401055: main (in /home/112401035/cs2013_112401035/lab10/src/4/4)
==10038== 
==10038== Use of uninitialised value of size 8
==10038==    at 0x4009CF: append (in /home/112401035/cs2013_112401035/lab10/src/4/4)
==10038==    by 0x400E9C: add (in /home/112401035/cs2013_112401035/lab10/src/4/4)
==10038==    by 0x401055: main (in /home/112401035/cs2013_112401035/lab10/src/4/4)
==10038== 
==10038== Conditional jump or move depends on uninitialised value(s)
==10038==    at 0x400F4B: print (in /home/112401035/cs2013_112401035/lab10/src/4/4)
==10038==    by 0x401065: main (in /home/112401035/cs2013_112401035/lab10/src/4/4)
==10038== 
==10038== Conditional jump or move depends on uninitialised value(s)
==10038==    at 0x400EEB: print (in /home/112401035/cs2013_112401035/lab10/src/4/4)
==10038==    by 0x401065: main (in /home/112401035/cs2013_112401035/lab10/src/4/4)
==10038== 
==10038== Use of uninitialised value of size 8
==10038==    at 0x400F04: print (in /home/112401035/cs2013_112401035/lab10/src/4/4)
==10038==    by 0x401065: main (in /home/112401035/cs2013_112401035/lab10/src/4/4)
==10038== 
==10038== Use of uninitialised value of size 8
==10038==    at 0x400F30: print (in /home/112401035/cs2013_112401035/lab10/src/4/4)
==10038==    by 0x401065: main (in /home/112401035/cs2013_112401035/lab10/src/4/4)
==10038== 
1999999999123456789098765432
==10038== 
==10038== HEAP SUMMARY:
==10038==     in use at exit: 0 bytes in 0 blocks
==10038==   total heap usage: 17 allocs, 17 frees, 16,564 bytes allocated
==10038== 
==10038== All heap blocks were freed -- no leaks are possible
==10038== 
==10038== Use --track-origins=yes to see where uninitialised values come from
==10038== For lists of detected and suppressed errors, rerun with: -s
==10038== ERROR SUMMARY: 70 errors from 27 contexts (suppressed: 0 from 0)
===================

===================
test7: NO LEAKS
Valgrind output: 
==10043== Memcheck, a memory error detector
==10043== Copyright (C) 2002-2022, and GNU GPL'd, by Julian Seward et al.
==10043== Using Valgrind-3.22.0 and LibVEX; rerun with -h for copyright info
==10043== Command: /home/112401035/cs2013_112401035/lab10/src/4/4
==10043== 
==10043== Conditional jump or move depends on uninitialised value(s)
==10043==    at 0x40075B: grow (in /home/112401035/cs2013_112401035/lab10/src/4/4)
==10043==    by 0x400A06: insert (in /home/112401035/cs2013_112401035/lab10/src/4/4)
==10043==    by 0x400FC6: read (in /home/112401035/cs2013_112401035/lab10/src/4/4)
==10043==    by 0x40101C: main (in /home/112401035/cs2013_112401035/lab10/src/4/4)
==10043== 
==10043== Conditional jump or move depends on uninitialised value(s)
==10043==    at 0x400A59: insert (in /home/112401035/cs2013_112401035/lab10/src/4/4)
==10043==    by 0x400FC6: read (in /home/112401035/cs2013_112401035/lab10/src/4/4)
==10043==    by 0x40101C: main (in /home/112401035/cs2013_112401035/lab10/src/4/4)
==10043== 
==10043== Conditional jump or move depends on uninitialised value(s)
==10043==    at 0x4008A3: update (in /home/112401035/cs2013_112401035/lab10/src/4/4)
==10043==    by 0x400A7F: insert (in /home/112401035/cs2013_112401035/lab10/src/4/4)
==10043==    by 0x400FC6: read (in /home/112401035/cs2013_112401035/lab10/src/4/4)
==10043==    by 0x40101C: main (in /home/112401035/cs2013_112401035/lab10/src/4/4)
==10043== 
==10043== Conditional jump or move depends on uninitialised value(s)
==10043==    at 0x40079D: grow (in /home/112401035/cs2013_112401035/lab10/src/4/4)
==10043==    by 0x400A06: insert (in /home/112401035/cs2013_112401035/lab10/src/4/4)
==10043==    by 0x400FC6: read (in /home/112401035/cs2013_112401035/lab10/src/4/4)
==10043==    by 0x40101C: main (in /home/112401035/cs2013_112401035/lab10/src/4/4)
==10043== 
==10043== Use of uninitialised value of size 8
==10043==    at 0x400A4B: insert (in /home/112401035/cs2013_112401035/lab10/src/4/4)
==10043==    by 0x400FC6: read (in /home/112401035/cs2013_112401035/lab10/src/4/4)
==10043==    by 0x40101C: main (in /home/112401035/cs2013_112401035/lab10/src/4/4)
==10043== 
==10043== Use of uninitialised value of size 8
==10043==    at 0x400A4D: insert (in /home/112401035/cs2013_112401035/lab10/src/4/4)
==10043==    by 0x400FC6: read (in /home/112401035/cs2013_112401035/lab10/src/4/4)
==10043==    by 0x40101C: main (in /home/112401035/cs2013_112401035/lab10/src/4/4)
==10043== 
==10043== Conditional jump or move depends on uninitialised value(s)
==10043==    at 0x40075B: grow (in /home/112401035/cs2013_112401035/lab10/src/4/4)
==10043==    by 0x400A06: insert (in /home/112401035/cs2013_112401035/lab10/src/4/4)
==10043==    by 0x400FC6: read (in /home/112401035/cs2013_112401035/lab10/src/4/4)
==10043==    by 0x401042: main (in /home/112401035/cs2013_112401035/lab10/src/4/4)
==10043== 
==10043== Conditional jump or move depends on uninitialised value(s)
==10043==    at 0x400A59: insert (in /home/112401035/cs2013_112401035/lab10/src/4/4)
==10043==    by 0x400FC6: read (in /home/112401035/cs2013_112401035/lab10/src/4/4)
==10043==    by 0x401042: main (in /home/112401035/cs2013_112401035/lab10/src/4/4)
==10043== 
==10043== Conditional jump or move depends on uninitialised value(s)
==10043==    at 0x4008A3: update (in /home/112401035/cs2013_112401035/lab10/src/4/4)
==10043==    by 0x400A7F: insert (in /home/112401035/cs2013_112401035/lab10/src/4/4)
==10043==    by 0x400FC6: read (in /home/112401035/cs2013_112401035/lab10/src/4/4)
==10043==    by 0x401042: main (in /home/112401035/cs2013_112401035/lab10/src/4/4)
==10043== 
==10043== Conditional jump or move depends on uninitialised value(s)
==10043==    at 0x400B74: equal (in /home/112401035/cs2013_112401035/lab10/src/4/4)
==10043==    by 0x400BFF: add (in /home/112401035/cs2013_112401035/lab10/src/4/4)
==10043==    by 0x401055: main (in /home/112401035/cs2013_112401035/lab10/src/4/4)
==10043== 
==10043== Conditional jump or move depends on uninitialised value(s)
==10043==    at 0x400D4E: add (in /home/112401035/cs2013_112401035/lab10/src/4/4)
==10043==    by 0x401055: main (in /home/112401035/cs2013_112401035/lab10/src/4/4)
==10043== 
==10043== Conditional jump or move depends on uninitialised value(s)
==10043==    at 0x400E7D: add (in /home/112401035/cs2013_112401035/lab10/src/4/4)
==10043==    by 0x401055: main (in /home/112401035/cs2013_112401035/lab10/src/4/4)
==10043== 
==10043== Conditional jump or move depends on uninitialised value(s)
==10043==    at 0x400D8C: add (in /home/112401035/cs2013_112401035/lab10/src/4/4)
==10043==    by 0x401055: main (in /home/112401035/cs2013_112401035/lab10/src/4/4)
==10043== 
==10043== Conditional jump or move depends on uninitialised value(s)
==10043==    at 0x400DC4: add (in /home/112401035/cs2013_112401035/lab10/src/4/4)
==10043==    by 0x401055: main (in /home/112401035/cs2013_112401035/lab10/src/4/4)
==10043== 
==10043== Conditional jump or move depends on uninitialised value(s)
==10043==    at 0x40075B: grow (in /home/112401035/cs2013_112401035/lab10/src/4/4)
==10043==    by 0x4009A9: append (in /home/112401035/cs2013_112401035/lab10/src/4/4)
==10043==    by 0x400E4A: add (in /home/112401035/cs2013_112401035/lab10/src/4/4)
==10043==    by 0x401055: main (in /home/112401035/cs2013_112401035/lab10/src/4/4)
==10043== 
==10043== Use of uninitialised value of size 8
==10043==    at 0x4009CF: append (in /home/112401035/cs2013_112401035/lab10/src/4/4)
==10043==    by 0x400E4A: add (in /home/112401035/cs2013_112401035/lab10/src/4/4)
==10043==    by 0x401055: main (in /home/112401035/cs2013_112401035/lab10/src/4/4)
==10043== 
==10043== Conditional jump or move depends on uninitialised value(s)
==10043==    at 0x40079D: grow (in /home/112401035/cs2013_112401035/lab10/src/4/4)
==10043==    by 0x4009A9: append (in /home/112401035/cs2013_112401035/lab10/src/4/4)
==10043==    by 0x400E4A: add (in /home/112401035/cs2013_112401035/lab10/src/4/4)
==10043==    by 0x401055: main (in /home/112401035/cs2013_112401035/lab10/src/4/4)
==10043== 
==10043== Conditional jump or move depends on uninitialised value(s)
==10043==    at 0x400F4B: print (in /home/112401035/cs2013_112401035/lab10/src/4/4)
==10043==    by 0x401065: main (in /home/112401035/cs2013_112401035/lab10/src/4/4)
==10043== 
==10043== Conditional jump or move depends on uninitialised value(s)
==10043==    at 0x400EEB: print (in /home/112401035/cs2013_112401035/lab10/src/4/4)
==10043==    by 0x401065: main (in /home/112401035/cs2013_112401035/lab10/src/4/4)
==10043== 
==10043== Use of uninitialised value of size 8
==10043==    at 0x400F04: print (in /home/112401035/cs2013_112401035/lab10/src/4/4)
==10043==    by 0x401065: main (in /home/112401035/cs2013_112401035/lab10/src/4/4)
==10043== 
==10043== Use of uninitialised value of size 8
==10043==    at 0x400F30: print (in /home/112401035/cs2013_112401035/lab10/src/4/4)
==10043==    by 0x401065: main (in /home/112401035/cs2013_112401035/lab10/src/4/4)
==10043== 
1000000002000000300000000400000000050100
==10043== 
==10043== HEAP SUMMARY:
==10043==     in use at exit: 0 bytes in 0 blocks
==10043==   total heap usage: 17 allocs, 17 frees, 16,604 bytes allocated
==10043== 
==10043== All heap blocks were freed -- no leaks are possible
==10043== 
==10043== Use --track-origins=yes to see where uninitialised values come from
==10043== For lists of detected and suppressed errors, rerun with: -s
==10043== ERROR SUMMARY: 92 errors from 21 contexts (suppressed: 0 from 0)
===================

===================
test2: NO LEAKS
Valgrind output: 
==10050== Memcheck, a memory error detector
==10050== Copyright (C) 2002-2022, and GNU GPL'd, by Julian Seward et al.
==10050== Using Valgrind-3.22.0 and LibVEX; rerun with -h for copyright info
==10050== Command: /home/112401035/cs2013_112401035/lab10/src/4/4
==10050== 
==10050== Conditional jump or move depends on uninitialised value(s)
==10050==    at 0x40075B: grow (in /home/112401035/cs2013_112401035/lab10/src/4/4)
==10050==    by 0x400A06: insert (in /home/112401035/cs2013_112401035/lab10/src/4/4)
==10050==    by 0x400FC6: read (in /home/112401035/cs2013_112401035/lab10/src/4/4)
==10050==    by 0x40101C: main (in /home/112401035/cs2013_112401035/lab10/src/4/4)
==10050== 
==10050== Conditional jump or move depends on uninitialised value(s)
==10050==    at 0x400A59: insert (in /home/112401035/cs2013_112401035/lab10/src/4/4)
==10050==    by 0x400FC6: read (in /home/112401035/cs2013_112401035/lab10/src/4/4)
==10050==    by 0x40101C: main (in /home/112401035/cs2013_112401035/lab10/src/4/4)
==10050== 
==10050== Conditional jump or move depends on uninitialised value(s)
==10050==    at 0x4008A3: update (in /home/112401035/cs2013_112401035/lab10/src/4/4)
==10050==    by 0x400A7F: insert (in /home/112401035/cs2013_112401035/lab10/src/4/4)
==10050==    by 0x400FC6: read (in /home/112401035/cs2013_112401035/lab10/src/4/4)
==10050==    by 0x40101C: main (in /home/112401035/cs2013_112401035/lab10/src/4/4)
==10050== 
==10050== Conditional jump or move depends on uninitialised value(s)
==10050==    at 0x40079D: grow (in /home/112401035/cs2013_112401035/lab10/src/4/4)
==10050==    by 0x400A06: insert (in /home/112401035/cs2013_112401035/lab10/src/4/4)
==10050==    by 0x400FC6: read (in /home/112401035/cs2013_112401035/lab10/src/4/4)
==10050==    by 0x40101C: main (in /home/112401035/cs2013_112401035/lab10/src/4/4)
==10050== 
==10050== Use of uninitialised value of size 8
==10050==    at 0x400A4B: insert (in /home/112401035/cs2013_112401035/lab10/src/4/4)
==10050==    by 0x400FC6: read (in /home/112401035/cs2013_112401035/lab10/src/4/4)
==10050==    by 0x40101C: main (in /home/112401035/cs2013_112401035/lab10/src/4/4)
==10050== 
==10050== Use of uninitialised value of size 8
==10050==    at 0x400A4D: insert (in /home/112401035/cs2013_112401035/lab10/src/4/4)
==10050==    by 0x400FC6: read (in /home/112401035/cs2013_112401035/lab10/src/4/4)
==10050==    by 0x40101C: main (in /home/112401035/cs2013_112401035/lab10/src/4/4)
==10050== 
==10050== Conditional jump or move depends on uninitialised value(s)
==10050==    at 0x40075B: grow (in /home/112401035/cs2013_112401035/lab10/src/4/4)
==10050==    by 0x400A06: insert (in /home/112401035/cs2013_112401035/lab10/src/4/4)
==10050==    by 0x400FC6: read (in /home/112401035/cs2013_112401035/lab10/src/4/4)
==10050==    by 0x401042: main (in /home/112401035/cs2013_112401035/lab10/src/4/4)
==10050== 
==10050== Conditional jump or move depends on uninitialised value(s)
==10050==    at 0x400A59: insert (in /home/112401035/cs2013_112401035/lab10/src/4/4)
==10050==    by 0x400FC6: read (in /home/112401035/cs2013_112401035/lab10/src/4/4)
==10050==    by 0x401042: main (in /home/112401035/cs2013_112401035/lab10/src/4/4)
==10050== 
==10050== Conditional jump or move depends on uninitialised value(s)
==10050==    at 0x4008A3: update (in /home/112401035/cs2013_112401035/lab10/src/4/4)
==10050==    by 0x400A7F: insert (in /home/112401035/cs2013_112401035/lab10/src/4/4)
==10050==    by 0x400FC6: read (in /home/112401035/cs2013_112401035/lab10/src/4/4)
==10050==    by 0x401042: main (in /home/112401035/cs2013_112401035/lab10/src/4/4)
==10050== 
==10050== Conditional jump or move depends on uninitialised value(s)
==10050==    at 0x400B74: equal (in /home/112401035/cs2013_112401035/lab10/src/4/4)
==10050==    by 0x400BFF: add (in /home/112401035/cs2013_112401035/lab10/src/4/4)
==10050==    by 0x401055: main (in /home/112401035/cs2013_112401035/lab10/src/4/4)
==10050== 
==10050== Conditional jump or move depends on uninitialised value(s)
==10050==    at 0x400D4E: add (in /home/112401035/cs2013_112401035/lab10/src/4/4)
==10050==    by 0x401055: main (in /home/112401035/cs2013_112401035/lab10/src/4/4)
==10050== 
==10050== Conditional jump or move depends on uninitialised value(s)
==10050==    at 0x400E7D: add (in /home/112401035/cs2013_112401035/lab10/src/4/4)
==10050==    by 0x401055: main (in /home/112401035/cs2013_112401035/lab10/src/4/4)
==10050== 
==10050== Conditional jump or move depends on uninitialised value(s)
==10050==    at 0x400D8C: add (in /home/112401035/cs2013_112401035/lab10/src/4/4)
==10050==    by 0x401055: main (in /home/112401035/cs2013_112401035/lab10/src/4/4)
==10050== 
==10050== Conditional jump or move depends on uninitialised value(s)
==10050==    at 0x400DC4: add (in /home/112401035/cs2013_112401035/lab10/src/4/4)
==10050==    by 0x401055: main (in /home/112401035/cs2013_112401035/lab10/src/4/4)
==10050== 
==10050== Conditional jump or move depends on uninitialised value(s)
==10050==    at 0x40075B: grow (in /home/112401035/cs2013_112401035/lab10/src/4/4)
==10050==    by 0x4009A9: append (in /home/112401035/cs2013_112401035/lab10/src/4/4)
==10050==    by 0x400E4A: add (in /home/112401035/cs2013_112401035/lab10/src/4/4)
==10050==    by 0x401055: main (in /home/112401035/cs2013_112401035/lab10/src/4/4)
==10050== 
==10050== Use of uninitialised value of size 8
==10050==    at 0x4009CF: append (in /home/112401035/cs2013_112401035/lab10/src/4/4)
==10050==    by 0x400E4A: add (in /home/112401035/cs2013_112401035/lab10/src/4/4)
==10050==    by 0x401055: main (in /home/112401035/cs2013_112401035/lab10/src/4/4)
==10050== 
==10050== Conditional jump or move depends on uninitialised value(s)
==10050==    at 0x40079D: grow (in /home/112401035/cs2013_112401035/lab10/src/4/4)
==10050==    by 0x4009A9: append (in /home/112401035/cs2013_112401035/lab10/src/4/4)
==10050==    by 0x400E4A: add (in /home/112401035/cs2013_112401035/lab10/src/4/4)
==10050==    by 0x401055: main (in /home/112401035/cs2013_112401035/lab10/src/4/4)
==10050== 
==10050== Conditional jump or move depends on uninitialised value(s)
==10050==    at 0x40079D: grow (in /home/112401035/cs2013_112401035/lab10/src/4/4)
==10050==    by 0x4009A9: append (in /home/112401035/cs2013_112401035/lab10/src/4/4)
==10050==    by 0x400E9C: add (in /home/112401035/cs2013_112401035/lab10/src/4/4)
==10050==    by 0x401055: main (in /home/112401035/cs2013_112401035/lab10/src/4/4)
==10050== 
==10050== Use of uninitialised value of size 8
==10050==    at 0x4009CF: append (in /home/112401035/cs2013_112401035/lab10/src/4/4)
==10050==    by 0x400E9C: add (in /home/112401035/cs2013_112401035/lab10/src/4/4)
==10050==    by 0x401055: main (in /home/112401035/cs2013_112401035/lab10/src/4/4)
==10050== 
==10050== Conditional jump or move depends on uninitialised value(s)
==10050==    at 0x400F4B: print (in /home/112401035/cs2013_112401035/lab10/src/4/4)
==10050==    by 0x401065: main (in /home/112401035/cs2013_112401035/lab10/src/4/4)
==10050== 
==10050== Conditional jump or move depends on uninitialised value(s)
==10050==    at 0x400EEB: print (in /home/112401035/cs2013_112401035/lab10/src/4/4)
==10050==    by 0x401065: main (in /home/112401035/cs2013_112401035/lab10/src/4/4)
==10050== 
==10050== Use of uninitialised value of size 8
==10050==    at 0x400F04: print (in /home/112401035/cs2013_112401035/lab10/src/4/4)
==10050==    by 0x401065: main (in /home/112401035/cs2013_112401035/lab10/src/4/4)
==10050== 
==10050== Use of uninitialised value of size 8
==10050==    at 0x400F30: print (in /home/112401035/cs2013_112401035/lab10/src/4/4)
==10050==    by 0x401065: main (in /home/112401035/cs2013_112401035/lab10/src/4/4)
==10050== 
1000000000000000000000000000
==10050== 
==10050== HEAP SUMMARY:
==10050==     in use at exit: 0 bytes in 0 blocks
==10050==   total heap usage: 15 allocs, 15 frees, 16,540 bytes allocated
==10050== 
==10050== All heap blocks were freed -- no leaks are possible
==10050== 
==10050== Use --track-origins=yes to see where uninitialised values come from
==10050== For lists of detected and suppressed errors, rerun with: -s
==10050== ERROR SUMMARY: 54 errors from 23 contexts (suppressed: 0 from 0)
===================

===================
test8: NO LEAKS
Valgrind output: 
==10055== Memcheck, a memory error detector
==10055== Copyright (C) 2002-2022, and GNU GPL'd, by Julian Seward et al.
==10055== Using Valgrind-3.22.0 and LibVEX; rerun with -h for copyright info
==10055== Command: /home/112401035/cs2013_112401035/lab10/src/4/4
==10055== 
==10055== Conditional jump or move depends on uninitialised value(s)
==10055==    at 0x40075B: grow (in /home/112401035/cs2013_112401035/lab10/src/4/4)
==10055==    by 0x400A06: insert (in /home/112401035/cs2013_112401035/lab10/src/4/4)
==10055==    by 0x400FC6: read (in /home/112401035/cs2013_112401035/lab10/src/4/4)
==10055==    by 0x40101C: main (in /home/112401035/cs2013_112401035/lab10/src/4/4)
==10055== 
==10055== Conditional jump or move depends on uninitialised value(s)
==10055==    at 0x400A59: insert (in /home/112401035/cs2013_112401035/lab10/src/4/4)
==10055==    by 0x400FC6: read (in /home/112401035/cs2013_112401035/lab10/src/4/4)
==10055==    by 0x40101C: main (in /home/112401035/cs2013_112401035/lab10/src/4/4)
==10055== 
==10055== Conditional jump or move depends on uninitialised value(s)
==10055==    at 0x4008A3: update (in /home/112401035/cs2013_112401035/lab10/src/4/4)
==10055==    by 0x400A7F: insert (in /home/112401035/cs2013_112401035/lab10/src/4/4)
==10055==    by 0x400FC6: read (in /home/112401035/cs2013_112401035/lab10/src/4/4)
==10055==    by 0x40101C: main (in /home/112401035/cs2013_112401035/lab10/src/4/4)
==10055== 
==10055== Conditional jump or move depends on uninitialised value(s)
==10055==    at 0x40079D: grow (in /home/112401035/cs2013_112401035/lab10/src/4/4)
==10055==    by 0x400A06: insert (in /home/112401035/cs2013_112401035/lab10/src/4/4)
==10055==    by 0x400FC6: read (in /home/112401035/cs2013_112401035/lab10/src/4/4)
==10055==    by 0x40101C: main (in /home/112401035/cs2013_112401035/lab10/src/4/4)
==10055== 
==10055== Use of uninitialised value of size 8
==10055==    at 0x400A4B: insert (in /home/112401035/cs2013_112401035/lab10/src/4/4)
==10055==    by 0x400FC6: read (in /home/112401035/cs2013_112401035/lab10/src/4/4)
==10055==    by 0x40101C: main (in /home/112401035/cs2013_112401035/lab10/src/4/4)
==10055== 
==10055== Use of uninitialised value of size 8
==10055==    at 0x400A4D: insert (in /home/112401035/cs2013_112401035/lab10/src/4/4)
==10055==    by 0x400FC6: read (in /home/112401035/cs2013_112401035/lab10/src/4/4)
==10055==    by 0x40101C: main (in /home/112401035/cs2013_112401035/lab10/src/4/4)
==10055== 
==10055== Conditional jump or move depends on uninitialised value(s)
==10055==    at 0x40075B: grow (in /home/112401035/cs2013_112401035/lab10/src/4/4)
==10055==    by 0x400A06: insert (in /home/112401035/cs2013_112401035/lab10/src/4/4)
==10055==    by 0x400FC6: read (in /home/112401035/cs2013_112401035/lab10/src/4/4)
==10055==    by 0x401042: main (in /home/112401035/cs2013_112401035/lab10/src/4/4)
==10055== 
==10055== Conditional jump or move depends on uninitialised value(s)
==10055==    at 0x400A59: insert (in /home/112401035/cs2013_112401035/lab10/src/4/4)
==10055==    by 0x400FC6: read (in /home/112401035/cs2013_112401035/lab10/src/4/4)
==10055==    by 0x401042: main (in /home/112401035/cs2013_112401035/lab10/src/4/4)
==10055== 
==10055== Conditional jump or move depends on uninitialised value(s)
==10055==    at 0x4008A3: update (in /home/112401035/cs2013_112401035/lab10/src/4/4)
==10055==    by 0x400A7F: insert (in /home/112401035/cs2013_112401035/lab10/src/4/4)
==10055==    by 0x400FC6: read (in /home/112401035/cs2013_112401035/lab10/src/4/4)
==10055==    by 0x401042: main (in /home/112401035/cs2013_112401035/lab10/src/4/4)
==10055== 
==10055== Conditional jump or move depends on uninitialised value(s)
==10055==    at 0x40079D: grow (in /home/112401035/cs2013_112401035/lab10/src/4/4)
==10055==    by 0x400A06: insert (in /home/112401035/cs2013_112401035/lab10/src/4/4)
==10055==    by 0x400FC6: read (in /home/112401035/cs2013_112401035/lab10/src/4/4)
==10055==    by 0x401042: main (in /home/112401035/cs2013_112401035/lab10/src/4/4)
==10055== 
==10055== Use of uninitialised value of size 8
==10055==    at 0x400A4B: insert (in /home/112401035/cs2013_112401035/lab10/src/4/4)
==10055==    by 0x400FC6: read (in /home/112401035/cs2013_112401035/lab10/src/4/4)
==10055==    by 0x401042: main (in /home/112401035/cs2013_112401035/lab10/src/4/4)
==10055== 
==10055== Use of uninitialised value of size 8
==10055==    at 0x400A4D: insert (in /home/112401035/cs2013_112401035/lab10/src/4/4)
==10055==    by 0x400FC6: read (in /home/112401035/cs2013_112401035/lab10/src/4/4)
==10055==    by 0x401042: main (in /home/112401035/cs2013_112401035/lab10/src/4/4)
==10055== 
==10055== Conditional jump or move depends on uninitialised value(s)
==10055==    at 0x400B74: equal (in /home/112401035/cs2013_112401035/lab10/src/4/4)
==10055==    by 0x400BFF: add (in /home/112401035/cs2013_112401035/lab10/src/4/4)
==10055==    by 0x401055: main (in /home/112401035/cs2013_112401035/lab10/src/4/4)
==10055== 
==10055== Conditional jump or move depends on uninitialised value(s)
==10055==    at 0x400D4E: add (in /home/112401035/cs2013_112401035/lab10/src/4/4)
==10055==    by 0x401055: main (in /home/112401035/cs2013_112401035/lab10/src/4/4)
==10055== 
==10055== Conditional jump or move depends on uninitialised value(s)
==10055==    at 0x400E7D: add (in /home/112401035/cs2013_112401035/lab10/src/4/4)
==10055==    by 0x401055: main (in /home/112401035/cs2013_112401035/lab10/src/4/4)
==10055== 
==10055== Conditional jump or move depends on uninitialised value(s)
==10055==    at 0x400D8C: add (in /home/112401035/cs2013_112401035/lab10/src/4/4)
==10055==    by 0x401055: main (in /home/112401035/cs2013_112401035/lab10/src/4/4)
==10055== 
==10055== Conditional jump or move depends on uninitialised value(s)
==10055==    at 0x400DC4: add (in /home/112401035/cs2013_112401035/lab10/src/4/4)
==10055==    by 0x401055: main (in /home/112401035/cs2013_112401035/lab10/src/4/4)
==10055== 
==10055== Conditional jump or move depends on uninitialised value(s)
==10055==    at 0x40075B: grow (in /home/112401035/cs2013_112401035/lab10/src/4/4)
==10055==    by 0x4009A9: append (in /home/112401035/cs2013_112401035/lab10/src/4/4)
==10055==    by 0x400E4A: add (in /home/112401035/cs2013_112401035/lab10/src/4/4)
==10055==    by 0x401055: main (in /home/112401035/cs2013_112401035/lab10/src/4/4)
==10055== 
==10055== Use of uninitialised value of size 8
==10055==    at 0x4009CF: append (in /home/112401035/cs2013_112401035/lab10/src/4/4)
==10055==    by 0x400E4A: add (in /home/112401035/cs2013_112401035/lab10/src/4/4)
==10055==    by 0x401055: main (in /home/112401035/cs2013_112401035/lab10/src/4/4)
==10055== 
==10055== Conditional jump or move depends on uninitialised value(s)
==10055==    at 0x40079D: grow (in /home/112401035/cs2013_112401035/lab10/src/4/4)
==10055==    by 0x4009A9: append (in /home/112401035/cs2013_112401035/lab10/src/4/4)
==10055==    by 0x400E4A: add (in /home/112401035/cs2013_112401035/lab10/src/4/4)
==10055==    by 0x401055: main (in /home/112401035/cs2013_112401035/lab10/src/4/4)
==10055== 
==10055== Conditional jump or move depends on uninitialised value(s)
==10055==    at 0x400F4B: print (in /home/112401035/cs2013_112401035/lab10/src/4/4)
==10055==    by 0x401065: main (in /home/112401035/cs2013_112401035/lab10/src/4/4)
==10055== 
==10055== Conditional jump or move depends on uninitialised value(s)
==10055==    at 0x400EEB: print (in /home/112401035/cs2013_112401035/lab10/src/4/4)
==10055==    by 0x401065: main (in /home/112401035/cs2013_112401035/lab10/src/4/4)
==10055== 
==10055== Use of uninitialised value of size 8
==10055==    at 0x400F04: print (in /home/112401035/cs2013_112401035/lab10/src/4/4)
==10055==    by 0x401065: main (in /home/112401035/cs2013_112401035/lab10/src/4/4)
==10055== 
==10055== Use of uninitialised value of size 8
==10055==    at 0x400F30: print (in /home/112401035/cs2013_112401035/lab10/src/4/4)
==10055==    by 0x401065: main (in /home/112401035/cs2013_112401035/lab10/src/4/4)
==10055== 
5000001003456788657257898244356842
==10055== 
==10055== HEAP SUMMARY:
==10055==     in use at exit: 0 bytes in 0 blocks
==10055==   total heap usage: 17 allocs, 17 frees, 16,564 bytes allocated
==10055== 
==10055== All heap blocks were freed -- no leaks are possible
==10055== 
==10055== Use --track-origins=yes to see where uninitialised values come from
==10055== For lists of detected and suppressed errors, rerun with: -s
==10055== ERROR SUMMARY: 84 errors from 24 contexts (suppressed: 0 from 0)
===================

===================
test11: NO LEAKS
Valgrind output: 
==10060== Memcheck, a memory error detector
==10060== Copyright (C) 2002-2022, and GNU GPL'd, by Julian Seward et al.
==10060== Using Valgrind-3.22.0 and LibVEX; rerun with -h for copyright info
==10060== Command: /home/112401035/cs2013_112401035/lab10/src/4/4
==10060== 
==10060== Conditional jump or move depends on uninitialised value(s)
==10060==    at 0x40075B: grow (in /home/112401035/cs2013_112401035/lab10/src/4/4)
==10060==    by 0x400A06: insert (in /home/112401035/cs2013_112401035/lab10/src/4/4)
==10060==    by 0x400FC6: read (in /home/112401035/cs2013_112401035/lab10/src/4/4)
==10060==    by 0x40101C: main (in /home/112401035/cs2013_112401035/lab10/src/4/4)
==10060== 
==10060== Conditional jump or move depends on uninitialised value(s)
==10060==    at 0x400A59: insert (in /home/112401035/cs2013_112401035/lab10/src/4/4)
==10060==    by 0x400FC6: read (in /home/112401035/cs2013_112401035/lab10/src/4/4)
==10060==    by 0x40101C: main (in /home/112401035/cs2013_112401035/lab10/src/4/4)
==10060== 
==10060== Conditional jump or move depends on uninitialised value(s)
==10060==    at 0x4008A3: update (in /home/112401035/cs2013_112401035/lab10/src/4/4)
==10060==    by 0x400A7F: insert (in /home/112401035/cs2013_112401035/lab10/src/4/4)
==10060==    by 0x400FC6: read (in /home/112401035/cs2013_112401035/lab10/src/4/4)
==10060==    by 0x40101C: main (in /home/112401035/cs2013_112401035/lab10/src/4/4)
==10060== 
==10060== Conditional jump or move depends on uninitialised value(s)
==10060==    at 0x40079D: grow (in /home/112401035/cs2013_112401035/lab10/src/4/4)
==10060==    by 0x400A06: insert (in /home/112401035/cs2013_112401035/lab10/src/4/4)
==10060==    by 0x400FC6: read (in /home/112401035/cs2013_112401035/lab10/src/4/4)
==10060==    by 0x40101C: main (in /home/112401035/cs2013_112401035/lab10/src/4/4)
==10060== 
==10060== Use of uninitialised value of size 8
==10060==    at 0x400A4B: insert (in /home/112401035/cs2013_112401035/lab10/src/4/4)
==10060==    by 0x400FC6: read (in /home/112401035/cs2013_112401035/lab10/src/4/4)
==10060==    by 0x40101C: main (in /home/112401035/cs2013_112401035/lab10/src/4/4)
==10060== 
==10060== Use of uninitialised value of size 8
==10060==    at 0x400A4D: insert (in /home/112401035/cs2013_112401035/lab10/src/4/4)
==10060==    by 0x400FC6: read (in /home/112401035/cs2013_112401035/lab10/src/4/4)
==10060==    by 0x40101C: main (in /home/112401035/cs2013_112401035/lab10/src/4/4)
==10060== 
==10060== Conditional jump or move depends on uninitialised value(s)
==10060==    at 0x40075B: grow (in /home/112401035/cs2013_112401035/lab10/src/4/4)
==10060==    by 0x400A06: insert (in /home/112401035/cs2013_112401035/lab10/src/4/4)
==10060==    by 0x400FC6: read (in /home/112401035/cs2013_112401035/lab10/src/4/4)
==10060==    by 0x401042: main (in /home/112401035/cs2013_112401035/lab10/src/4/4)
==10060== 
==10060== Conditional jump or move depends on uninitialised value(s)
==10060==    at 0x400A59: insert (in /home/112401035/cs2013_112401035/lab10/src/4/4)
==10060==    by 0x400FC6: read (in /home/112401035/cs2013_112401035/lab10/src/4/4)
==10060==    by 0x401042: main (in /home/112401035/cs2013_112401035/lab10/src/4/4)
==10060== 
==10060== Conditional jump or move depends on uninitialised value(s)
==10060==    at 0x4008A3: update (in /home/112401035/cs2013_112401035/lab10/src/4/4)
==10060==    by 0x400A7F: insert (in /home/112401035/cs2013_112401035/lab10/src/4/4)
==10060==    by 0x400FC6: read (in /home/112401035/cs2013_112401035/lab10/src/4/4)
==10060==    by 0x401042: main (in /home/112401035/cs2013_112401035/lab10/src/4/4)
==10060== 
==10060== Conditional jump or move depends on uninitialised value(s)
==10060==    at 0x40079D: grow (in /home/112401035/cs2013_112401035/lab10/src/4/4)
==10060==    by 0x400A06: insert (in /home/112401035/cs2013_112401035/lab10/src/4/4)
==10060==    by 0x400FC6: read (in /home/112401035/cs2013_112401035/lab10/src/4/4)
==10060==    by 0x401042: main (in /home/112401035/cs2013_112401035/lab10/src/4/4)
==10060== 
==10060== Use of uninitialised value of size 8
==10060==    at 0x400A4B: insert (in /home/112401035/cs2013_112401035/lab10/src/4/4)
==10060==    by 0x400FC6: read (in /home/112401035/cs2013_112401035/lab10/src/4/4)
==10060==    by 0x401042: main (in /home/112401035/cs2013_112401035/lab10/src/4/4)
==10060== 
==10060== Use of uninitialised value of size 8
==10060==    at 0x400A4D: insert (in /home/112401035/cs2013_112401035/lab10/src/4/4)
==10060==    by 0x400FC6: read (in /home/112401035/cs2013_112401035/lab10/src/4/4)
==10060==    by 0x401042: main (in /home/112401035/cs2013_112401035/lab10/src/4/4)
==10060== 
==10060== Conditional jump or move depends on uninitialised value(s)
==10060==    at 0x400B74: equal (in /home/112401035/cs2013_112401035/lab10/src/4/4)
==10060==    by 0x400BFF: add (in /home/112401035/cs2013_112401035/lab10/src/4/4)
==10060==    by 0x401055: main (in /home/112401035/cs2013_112401035/lab10/src/4/4)
==10060== 
==10060== Conditional jump or move depends on uninitialised value(s)
==10060==    at 0x400BD4: equal (in /home/112401035/cs2013_112401035/lab10/src/4/4)
==10060==    by 0x400BFF: add (in /home/112401035/cs2013_112401035/lab10/src/4/4)
==10060==    by 0x401055: main (in /home/112401035/cs2013_112401035/lab10/src/4/4)
==10060== 
==10060== Conditional jump or move depends on uninitialised value(s)
==10060==    at 0x400D4E: add (in /home/112401035/cs2013_112401035/lab10/src/4/4)
==10060==    by 0x401055: main (in /home/112401035/cs2013_112401035/lab10/src/4/4)
==10060== 
==10060== Conditional jump or move depends on uninitialised value(s)
==10060==    at 0x400E7D: add (in /home/112401035/cs2013_112401035/lab10/src/4/4)
==10060==    by 0x401055: main (in /home/112401035/cs2013_112401035/lab10/src/4/4)
==10060== 
==10060== Conditional jump or move depends on uninitialised value(s)
==10060==    at 0x400D8C: add (in /home/112401035/cs2013_112401035/lab10/src/4/4)
==10060==    by 0x401055: main (in /home/112401035/cs2013_112401035/lab10/src/4/4)
==10060== 
==10060== Conditional jump or move depends on uninitialised value(s)
==10060==    at 0x400DC4: add (in /home/112401035/cs2013_112401035/lab10/src/4/4)
==10060==    by 0x401055: main (in /home/112401035/cs2013_112401035/lab10/src/4/4)
==10060== 
==10060== Conditional jump or move depends on uninitialised value(s)
==10060==    at 0x40075B: grow (in /home/112401035/cs2013_112401035/lab10/src/4/4)
==10060==    by 0x4009A9: append (in /home/112401035/cs2013_112401035/lab10/src/4/4)
==10060==    by 0x400E4A: add (in /home/112401035/cs2013_112401035/lab10/src/4/4)
==10060==    by 0x401055: main (in /home/112401035/cs2013_112401035/lab10/src/4/4)
==10060== 
==10060== Use of uninitialised value of size 8
==10060==    at 0x4009CF: append (in /home/112401035/cs2013_112401035/lab10/src/4/4)
==10060==    by 0x400E4A: add (in /home/112401035/cs2013_112401035/lab10/src/4/4)
==10060==    by 0x401055: main (in /home/112401035/cs2013_112401035/lab10/src/4/4)
==10060== 
==10060== Conditional jump or move depends on uninitialised value(s)
==10060==    at 0x40079D: grow (in /home/112401035/cs2013_112401035/lab10/src/4/4)
==10060==    by 0x4009A9: append (in /home/112401035/cs2013_112401035/lab10/src/4/4)
==10060==    by 0x400E4A: add (in /home/112401035/cs2013_112401035/lab10/src/4/4)
==10060==    by 0x401055: main (in /home/112401035/cs2013_112401035/lab10/src/4/4)
==10060== 
==10060== Conditional jump or move depends on uninitialised value(s)
==10060==    at 0x40079D: grow (in /home/112401035/cs2013_112401035/lab10/src/4/4)
==10060==    by 0x4009A9: append (in /home/112401035/cs2013_112401035/lab10/src/4/4)
==10060==    by 0x400E9C: add (in /home/112401035/cs2013_112401035/lab10/src/4/4)
==10060==    by 0x401055: main (in /home/112401035/cs2013_112401035/lab10/src/4/4)
==10060== 
==10060== Use of uninitialised value of size 8
==10060==    at 0x4009CF: append (in /home/112401035/cs2013_112401035/lab10/src/4/4)
==10060==    by 0x400E9C: add (in /home/112401035/cs2013_112401035/lab10/src/4/4)
==10060==    by 0x401055: main (in /home/112401035/cs2013_112401035/lab10/src/4/4)
==10060== 
==10060== Conditional jump or move depends on uninitialised value(s)
==10060==    at 0x400F4B: print (in /home/112401035/cs2013_112401035/lab10/src/4/4)
==10060==    by 0x401065: main (in /home/112401035/cs2013_112401035/lab10/src/4/4)
==10060== 
==10060== Conditional jump or move depends on uninitialised value(s)
==10060==    at 0x400EEB: print (in /home/112401035/cs2013_112401035/lab10/src/4/4)
==10060==    by 0x401065: main (in /home/112401035/cs2013_112401035/lab10/src/4/4)
==10060== 
==10060== Use of uninitialised value of size 8
==10060==    at 0x400F04: print (in /home/112401035/cs2013_112401035/lab10/src/4/4)
==10060==    by 0x401065: main (in /home/112401035/cs2013_112401035/lab10/src/4/4)
==10060== 
==10060== Use of uninitialised value of size 8
==10060==    at 0x400F30: print (in /home/112401035/cs2013_112401035/lab10/src/4/4)
==10060==    by 0x401065: main (in /home/112401035/cs2013_112401035/lab10/src/4/4)
==10060== 
1999999999111111110222222222
==10060== 
==10060== HEAP SUMMARY:
==10060==     in use at exit: 0 bytes in 0 blocks
==10060==   total heap usage: 17 allocs, 17 frees, 16,564 bytes allocated
==10060== 
==10060== All heap blocks were freed -- no leaks are possible
==10060== 
==10060== Use --track-origins=yes to see where uninitialised values come from
==10060== For lists of detected and suppressed errors, rerun with: -s
==10060== ERROR SUMMARY: 70 errors from 27 contexts (suppressed: 0 from 0)
===================

===================
test6: NO LEAKS
Valgrind output: 
==10065== Memcheck, a memory error detector
==10065== Copyright (C) 2002-2022, and GNU GPL'd, by Julian Seward et al.
==10065== Using Valgrind-3.22.0 and LibVEX; rerun with -h for copyright info
==10065== Command: /home/112401035/cs2013_112401035/lab10/src/4/4
==10065== 
==10065== Conditional jump or move depends on uninitialised value(s)
==10065==    at 0x40075B: grow (in /home/112401035/cs2013_112401035/lab10/src/4/4)
==10065==    by 0x400A06: insert (in /home/112401035/cs2013_112401035/lab10/src/4/4)
==10065==    by 0x400FC6: read (in /home/112401035/cs2013_112401035/lab10/src/4/4)
==10065==    by 0x40101C: main (in /home/112401035/cs2013_112401035/lab10/src/4/4)
==10065== 
==10065== Conditional jump or move depends on uninitialised value(s)
==10065==    at 0x400A59: insert (in /home/112401035/cs2013_112401035/lab10/src/4/4)
==10065==    by 0x400FC6: read (in /home/112401035/cs2013_112401035/lab10/src/4/4)
==10065==    by 0x40101C: main (in /home/112401035/cs2013_112401035/lab10/src/4/4)
==10065== 
==10065== Conditional jump or move depends on uninitialised value(s)
==10065==    at 0x4008A3: update (in /home/112401035/cs2013_112401035/lab10/src/4/4)
==10065==    by 0x400A7F: insert (in /home/112401035/cs2013_112401035/lab10/src/4/4)
==10065==    by 0x400FC6: read (in /home/112401035/cs2013_112401035/lab10/src/4/4)
==10065==    by 0x40101C: main (in /home/112401035/cs2013_112401035/lab10/src/4/4)
==10065== 
==10065== Conditional jump or move depends on uninitialised value(s)
==10065==    at 0x40079D: grow (in /home/112401035/cs2013_112401035/lab10/src/4/4)
==10065==    by 0x400A06: insert (in /home/112401035/cs2013_112401035/lab10/src/4/4)
==10065==    by 0x400FC6: read (in /home/112401035/cs2013_112401035/lab10/src/4/4)
==10065==    by 0x40101C: main (in /home/112401035/cs2013_112401035/lab10/src/4/4)
==10065== 
==10065== Use of uninitialised value of size 8
==10065==    at 0x400A4B: insert (in /home/112401035/cs2013_112401035/lab10/src/4/4)
==10065==    by 0x400FC6: read (in /home/112401035/cs2013_112401035/lab10/src/4/4)
==10065==    by 0x40101C: main (in /home/112401035/cs2013_112401035/lab10/src/4/4)
==10065== 
==10065== Use of uninitialised value of size 8
==10065==    at 0x400A4D: insert (in /home/112401035/cs2013_112401035/lab10/src/4/4)
==10065==    by 0x400FC6: read (in /home/112401035/cs2013_112401035/lab10/src/4/4)
==10065==    by 0x40101C: main (in /home/112401035/cs2013_112401035/lab10/src/4/4)
==10065== 
==10065== Conditional jump or move depends on uninitialised value(s)
==10065==    at 0x40075B: grow (in /home/112401035/cs2013_112401035/lab10/src/4/4)
==10065==    by 0x400A06: insert (in /home/112401035/cs2013_112401035/lab10/src/4/4)
==10065==    by 0x400FC6: read (in /home/112401035/cs2013_112401035/lab10/src/4/4)
==10065==    by 0x401042: main (in /home/112401035/cs2013_112401035/lab10/src/4/4)
==10065== 
==10065== Conditional jump or move depends on uninitialised value(s)
==10065==    at 0x400A59: insert (in /home/112401035/cs2013_112401035/lab10/src/4/4)
==10065==    by 0x400FC6: read (in /home/112401035/cs2013_112401035/lab10/src/4/4)
==10065==    by 0x401042: main (in /home/112401035/cs2013_112401035/lab10/src/4/4)
==10065== 
==10065== Conditional jump or move depends on uninitialised value(s)
==10065==    at 0x4008A3: update (in /home/112401035/cs2013_112401035/lab10/src/4/4)
==10065==    by 0x400A7F: insert (in /home/112401035/cs2013_112401035/lab10/src/4/4)
==10065==    by 0x400FC6: read (in /home/112401035/cs2013_112401035/lab10/src/4/4)
==10065==    by 0x401042: main (in /home/112401035/cs2013_112401035/lab10/src/4/4)
==10065== 
==10065== Conditional jump or move depends on uninitialised value(s)
==10065==    at 0x400B74: equal (in /home/112401035/cs2013_112401035/lab10/src/4/4)
==10065==    by 0x400BFF: add (in /home/112401035/cs2013_112401035/lab10/src/4/4)
==10065==    by 0x401055: main (in /home/112401035/cs2013_112401035/lab10/src/4/4)
==10065== 
==10065== Conditional jump or move depends on uninitialised value(s)
==10065==    at 0x400D4E: add (in /home/112401035/cs2013_112401035/lab10/src/4/4)
==10065==    by 0x401055: main (in /home/112401035/cs2013_112401035/lab10/src/4/4)
==10065== 
==10065== Conditional jump or move depends on uninitialised value(s)
==10065==    at 0x400E7D: add (in /home/112401035/cs2013_112401035/lab10/src/4/4)
==10065==    by 0x401055: main (in /home/112401035/cs2013_112401035/lab10/src/4/4)
==10065== 
==10065== Conditional jump or move depends on uninitialised value(s)
==10065==    at 0x400D8C: add (in /home/112401035/cs2013_112401035/lab10/src/4/4)
==10065==    by 0x401055: main (in /home/112401035/cs2013_112401035/lab10/src/4/4)
==10065== 
==10065== Conditional jump or move depends on uninitialised value(s)
==10065==    at 0x400DC4: add (in /home/112401035/cs2013_112401035/lab10/src/4/4)
==10065==    by 0x401055: main (in /home/112401035/cs2013_112401035/lab10/src/4/4)
==10065== 
==10065== Conditional jump or move depends on uninitialised value(s)
==10065==    at 0x40075B: grow (in /home/112401035/cs2013_112401035/lab10/src/4/4)
==10065==    by 0x4009A9: append (in /home/112401035/cs2013_112401035/lab10/src/4/4)
==10065==    by 0x400E4A: add (in /home/112401035/cs2013_112401035/lab10/src/4/4)
==10065==    by 0x401055: main (in /home/112401035/cs2013_112401035/lab10/src/4/4)
==10065== 
==10065== Use of uninitialised value of size 8
==10065==    at 0x4009CF: append (in /home/112401035/cs2013_112401035/lab10/src/4/4)
==10065==    by 0x400E4A: add (in /home/112401035/cs2013_112401035/lab10/src/4/4)
==10065==    by 0x401055: main (in /home/112401035/cs2013_112401035/lab10/src/4/4)
==10065== 
==10065== Conditional jump or move depends on uninitialised value(s)
==10065==    at 0x40079D: grow (in /home/112401035/cs2013_112401035/lab10/src/4/4)
==10065==    by 0x4009A9: append (in /home/112401035/cs2013_112401035/lab10/src/4/4)
==10065==    by 0x400E4A: add (in /home/112401035/cs2013_112401035/lab10/src/4/4)
==10065==    by 0x401055: main (in /home/112401035/cs2013_112401035/lab10/src/4/4)
==10065== 
==10065== Conditional jump or move depends on uninitialised value(s)
==10065==    at 0x400F4B: print (in /home/112401035/cs2013_112401035/lab10/src/4/4)
==10065==    by 0x401065: main (in /home/112401035/cs2013_112401035/lab10/src/4/4)
==10065== 
==10065== Conditional jump or move depends on uninitialised value(s)
==10065==    at 0x400EEB: print (in /home/112401035/cs2013_112401035/lab10/src/4/4)
==10065==    by 0x401065: main (in /home/112401035/cs2013_112401035/lab10/src/4/4)
==10065== 
==10065== Use of uninitialised value of size 8
==10065==    at 0x400F04: print (in /home/112401035/cs2013_112401035/lab10/src/4/4)
==10065==    by 0x401065: main (in /home/112401035/cs2013_112401035/lab10/src/4/4)
==10065== 
==10065== Use of uninitialised value of size 8
==10065==    at 0x400F30: print (in /home/112401035/cs2013_112401035/lab10/src/4/4)
==10065==    by 0x401065: main (in /home/112401035/cs2013_112401035/lab10/src/4/4)
==10065== 
234567890789086432913568775
==10065== 
==10065== HEAP SUMMARY:
==10065==     in use at exit: 0 bytes in 0 blocks
==10065==   total heap usage: 15 allocs, 15 frees, 16,540 bytes allocated
==10065== 
==10065== All heap blocks were freed -- no leaks are possible
==10065== 
==10065== Use --track-origins=yes to see where uninitialised values come from
==10065== For lists of detected and suppressed errors, rerun with: -s
==10065== ERROR SUMMARY: 49 errors from 21 contexts (suppressed: 0 from 0)
===================

===================
test1: NO LEAKS
Valgrind output: 
==10070== Memcheck, a memory error detector
==10070== Copyright (C) 2002-2022, and GNU GPL'd, by Julian Seward et al.
==10070== Using Valgrind-3.22.0 and LibVEX; rerun with -h for copyright info
==10070== Command: /home/112401035/cs2013_112401035/lab10/src/4/4
==10070== 
==10070== Conditional jump or move depends on uninitialised value(s)
==10070==    at 0x40075B: grow (in /home/112401035/cs2013_112401035/lab10/src/4/4)
==10070==    by 0x400A06: insert (in /home/112401035/cs2013_112401035/lab10/src/4/4)
==10070==    by 0x400FC6: read (in /home/112401035/cs2013_112401035/lab10/src/4/4)
==10070==    by 0x40101C: main (in /home/112401035/cs2013_112401035/lab10/src/4/4)
==10070== 
==10070== Conditional jump or move depends on uninitialised value(s)
==10070==    at 0x400A59: insert (in /home/112401035/cs2013_112401035/lab10/src/4/4)
==10070==    by 0x400FC6: read (in /home/112401035/cs2013_112401035/lab10/src/4/4)
==10070==    by 0x40101C: main (in /home/112401035/cs2013_112401035/lab10/src/4/4)
==10070== 
==10070== Conditional jump or move depends on uninitialised value(s)
==10070==    at 0x4008A3: update (in /home/112401035/cs2013_112401035/lab10/src/4/4)
==10070==    by 0x400A7F: insert (in /home/112401035/cs2013_112401035/lab10/src/4/4)
==10070==    by 0x400FC6: read (in /home/112401035/cs2013_112401035/lab10/src/4/4)
==10070==    by 0x40101C: main (in /home/112401035/cs2013_112401035/lab10/src/4/4)
==10070== 
==10070== Conditional jump or move depends on uninitialised value(s)
==10070==    at 0x40079D: grow (in /home/112401035/cs2013_112401035/lab10/src/4/4)
==10070==    by 0x400A06: insert (in /home/112401035/cs2013_112401035/lab10/src/4/4)
==10070==    by 0x400FC6: read (in /home/112401035/cs2013_112401035/lab10/src/4/4)
==10070==    by 0x40101C: main (in /home/112401035/cs2013_112401035/lab10/src/4/4)
==10070== 
==10070== Use of uninitialised value of size 8
==10070==    at 0x400A4B: insert (in /home/112401035/cs2013_112401035/lab10/src/4/4)
==10070==    by 0x400FC6: read (in /home/112401035/cs2013_112401035/lab10/src/4/4)
==10070==    by 0x40101C: main (in /home/112401035/cs2013_112401035/lab10/src/4/4)
==10070== 
==10070== Use of uninitialised value of size 8
==10070==    at 0x400A4D: insert (in /home/112401035/cs2013_112401035/lab10/src/4/4)
==10070==    by 0x400FC6: read (in /home/112401035/cs2013_112401035/lab10/src/4/4)
==10070==    by 0x40101C: main (in /home/112401035/cs2013_112401035/lab10/src/4/4)
==10070== 
==10070== Conditional jump or move depends on uninitialised value(s)
==10070==    at 0x40075B: grow (in /home/112401035/cs2013_112401035/lab10/src/4/4)
==10070==    by 0x400A06: insert (in /home/112401035/cs2013_112401035/lab10/src/4/4)
==10070==    by 0x400FC6: read (in /home/112401035/cs2013_112401035/lab10/src/4/4)
==10070==    by 0x401042: main (in /home/112401035/cs2013_112401035/lab10/src/4/4)
==10070== 
==10070== Conditional jump or move depends on uninitialised value(s)
==10070==    at 0x400A59: insert (in /home/112401035/cs2013_112401035/lab10/src/4/4)
==10070==    by 0x400FC6: read (in /home/112401035/cs2013_112401035/lab10/src/4/4)
==10070==    by 0x401042: main (in /home/112401035/cs2013_112401035/lab10/src/4/4)
==10070== 
==10070== Conditional jump or move depends on uninitialised value(s)
==10070==    at 0x4008A3: update (in /home/112401035/cs2013_112401035/lab10/src/4/4)
==10070==    by 0x400A7F: insert (in /home/112401035/cs2013_112401035/lab10/src/4/4)
==10070==    by 0x400FC6: read (in /home/112401035/cs2013_112401035/lab10/src/4/4)
==10070==    by 0x401042: main (in /home/112401035/cs2013_112401035/lab10/src/4/4)
==10070== 
==10070== Conditional jump or move depends on uninitialised value(s)
==10070==    at 0x40079D: grow (in /home/112401035/cs2013_112401035/lab10/src/4/4)
==10070==    by 0x400A06: insert (in /home/112401035/cs2013_112401035/lab10/src/4/4)
==10070==    by 0x400FC6: read (in /home/112401035/cs2013_112401035/lab10/src/4/4)
==10070==    by 0x401042: main (in /home/112401035/cs2013_112401035/lab10/src/4/4)
==10070== 
==10070== Use of uninitialised value of size 8
==10070==    at 0x400A4B: insert (in /home/112401035/cs2013_112401035/lab10/src/4/4)
==10070==    by 0x400FC6: read (in /home/112401035/cs2013_112401035/lab10/src/4/4)
==10070==    by 0x401042: main (in /home/112401035/cs2013_112401035/lab10/src/4/4)
==10070== 
==10070== Use of uninitialised value of size 8
==10070==    at 0x400A4D: insert (in /home/112401035/cs2013_112401035/lab10/src/4/4)
==10070==    by 0x400FC6: read (in /home/112401035/cs2013_112401035/lab10/src/4/4)
==10070==    by 0x401042: main (in /home/112401035/cs2013_112401035/lab10/src/4/4)
==10070== 
==10070== Conditional jump or move depends on uninitialised value(s)
==10070==    at 0x400B74: equal (in /home/112401035/cs2013_112401035/lab10/src/4/4)
==10070==    by 0x400BFF: add (in /home/112401035/cs2013_112401035/lab10/src/4/4)
==10070==    by 0x401055: main (in /home/112401035/cs2013_112401035/lab10/src/4/4)
==10070== 
==10070== Conditional jump or move depends on uninitialised value(s)
==10070==    at 0x400BD4: equal (in /home/112401035/cs2013_112401035/lab10/src/4/4)
==10070==    by 0x400BFF: add (in /home/112401035/cs2013_112401035/lab10/src/4/4)
==10070==    by 0x401055: main (in /home/112401035/cs2013_112401035/lab10/src/4/4)
==10070== 
==10070== Conditional jump or move depends on uninitialised value(s)
==10070==    at 0x400CF5: add (in /home/112401035/cs2013_112401035/lab10/src/4/4)
==10070==    by 0x401055: main (in /home/112401035/cs2013_112401035/lab10/src/4/4)
==10070== 
==10070== Conditional jump or move depends on uninitialised value(s)
==10070==    at 0x40075B: grow (in /home/112401035/cs2013_112401035/lab10/src/4/4)
==10070==    by 0x4009A9: append (in /home/112401035/cs2013_112401035/lab10/src/4/4)
==10070==    by 0x400CC2: add (in /home/112401035/cs2013_112401035/lab10/src/4/4)
==10070==    by 0x401055: main (in /home/112401035/cs2013_112401035/lab10/src/4/4)
==10070== 
==10070== Use of uninitialised value of size 8
==10070==    at 0x4009CF: append (in /home/112401035/cs2013_112401035/lab10/src/4/4)
==10070==    by 0x400CC2: add (in /home/112401035/cs2013_112401035/lab10/src/4/4)
==10070==    by 0x401055: main (in /home/112401035/cs2013_112401035/lab10/src/4/4)
==10070== 
==10070== Conditional jump or move depends on uninitialised value(s)
==10070==    at 0x40079D: grow (in /home/112401035/cs2013_112401035/lab10/src/4/4)
==10070==    by 0x4009A9: append (in /home/112401035/cs2013_112401035/lab10/src/4/4)
==10070==    by 0x400CC2: add (in /home/112401035/cs2013_112401035/lab10/src/4/4)
==10070==    by 0x401055: main (in /home/112401035/cs2013_112401035/lab10/src/4/4)
==10070== 
==10070== Conditional jump or move depends on uninitialised value(s)
==10070==    at 0x400F4B: print (in /home/112401035/cs2013_112401035/lab10/src/4/4)
==10070==    by 0x401065: main (in /home/112401035/cs2013_112401035/lab10/src/4/4)
==10070== 
==10070== Conditional jump or move depends on uninitialised value(s)
==10070==    at 0x400EEB: print (in /home/112401035/cs2013_112401035/lab10/src/4/4)
==10070==    by 0x401065: main (in /home/112401035/cs2013_112401035/lab10/src/4/4)
==10070== 
==10070== Use of uninitialised value of size 8
==10070==    at 0x400F04: print (in /home/112401035/cs2013_112401035/lab10/src/4/4)
==10070==    by 0x401065: main (in /home/112401035/cs2013_112401035/lab10/src/4/4)
==10070== 
==10070== Use of uninitialised value of size 8
==10070==    at 0x400F30: print (in /home/112401035/cs2013_112401035/lab10/src/4/4)
==10070==    by 0x401065: main (in /home/112401035/cs2013_112401035/lab10/src/4/4)
==10070== 
2469172018200002000000002
==10070== 
==10070== HEAP SUMMARY:
==10070==     in use at exit: 0 bytes in 0 blocks
==10070==   total heap usage: 17 allocs, 17 frees, 16,564 bytes allocated
==10070== 
==10070== All heap blocks were freed -- no leaks are possible
==10070== 
==10070== Use --track-origins=yes to see where uninitialised values come from
==10070== For lists of detected and suppressed errors, rerun with: -s
==10070== ERROR SUMMARY: 61 errors from 22 contexts (suppressed: 0 from 0)
===================

===================
test10: NO LEAKS
Valgrind output: 
==10075== Memcheck, a memory error detector
==10075== Copyright (C) 2002-2022, and GNU GPL'd, by Julian Seward et al.
==10075== Using Valgrind-3.22.0 and LibVEX; rerun with -h for copyright info
==10075== Command: /home/112401035/cs2013_112401035/lab10/src/4/4
==10075== 
==10075== Conditional jump or move depends on uninitialised value(s)
==10075==    at 0x40075B: grow (in /home/112401035/cs2013_112401035/lab10/src/4/4)
==10075==    by 0x400A06: insert (in /home/112401035/cs2013_112401035/lab10/src/4/4)
==10075==    by 0x400FC6: read (in /home/112401035/cs2013_112401035/lab10/src/4/4)
==10075==    by 0x40101C: main (in /home/112401035/cs2013_112401035/lab10/src/4/4)
==10075== 
==10075== Conditional jump or move depends on uninitialised value(s)
==10075==    at 0x400A59: insert (in /home/112401035/cs2013_112401035/lab10/src/4/4)
==10075==    by 0x400FC6: read (in /home/112401035/cs2013_112401035/lab10/src/4/4)
==10075==    by 0x40101C: main (in /home/112401035/cs2013_112401035/lab10/src/4/4)
==10075== 
==10075== Conditional jump or move depends on uninitialised value(s)
==10075==    at 0x4008A3: update (in /home/112401035/cs2013_112401035/lab10/src/4/4)
==10075==    by 0x400A7F: insert (in /home/112401035/cs2013_112401035/lab10/src/4/4)
==10075==    by 0x400FC6: read (in /home/112401035/cs2013_112401035/lab10/src/4/4)
==10075==    by 0x40101C: main (in /home/112401035/cs2013_112401035/lab10/src/4/4)
==10075== 
==10075== Conditional jump or move depends on uninitialised value(s)
==10075==    at 0x40079D: grow (in /home/112401035/cs2013_112401035/lab10/src/4/4)
==10075==    by 0x400A06: insert (in /home/112401035/cs2013_112401035/lab10/src/4/4)
==10075==    by 0x400FC6: read (in /home/112401035/cs2013_112401035/lab10/src/4/4)
==10075==    by 0x40101C: main (in /home/112401035/cs2013_112401035/lab10/src/4/4)
==10075== 
==10075== Use of uninitialised value of size 8
==10075==    at 0x400A4B: insert (in /home/112401035/cs2013_112401035/lab10/src/4/4)
==10075==    by 0x400FC6: read (in /home/112401035/cs2013_112401035/lab10/src/4/4)
==10075==    by 0x40101C: main (in /home/112401035/cs2013_112401035/lab10/src/4/4)
==10075== 
==10075== Use of uninitialised value of size 8
==10075==    at 0x400A4D: insert (in /home/112401035/cs2013_112401035/lab10/src/4/4)
==10075==    by 0x400FC6: read (in /home/112401035/cs2013_112401035/lab10/src/4/4)
==10075==    by 0x40101C: main (in /home/112401035/cs2013_112401035/lab10/src/4/4)
==10075== 
==10075== Conditional jump or move depends on uninitialised value(s)
==10075==    at 0x40075B: grow (in /home/112401035/cs2013_112401035/lab10/src/4/4)
==10075==    by 0x400A06: insert (in /home/112401035/cs2013_112401035/lab10/src/4/4)
==10075==    by 0x400FC6: read (in /home/112401035/cs2013_112401035/lab10/src/4/4)
==10075==    by 0x401042: main (in /home/112401035/cs2013_112401035/lab10/src/4/4)
==10075== 
==10075== Conditional jump or move depends on uninitialised value(s)
==10075==    at 0x400A59: insert (in /home/112401035/cs2013_112401035/lab10/src/4/4)
==10075==    by 0x400FC6: read (in /home/112401035/cs2013_112401035/lab10/src/4/4)
==10075==    by 0x401042: main (in /home/112401035/cs2013_112401035/lab10/src/4/4)
==10075== 
==10075== Conditional jump or move depends on uninitialised value(s)
==10075==    at 0x4008A3: update (in /home/112401035/cs2013_112401035/lab10/src/4/4)
==10075==    by 0x400A7F: insert (in /home/112401035/cs2013_112401035/lab10/src/4/4)
==10075==    by 0x400FC6: read (in /home/112401035/cs2013_112401035/lab10/src/4/4)
==10075==    by 0x401042: main (in /home/112401035/cs2013_112401035/lab10/src/4/4)
==10075== 
==10075== Conditional jump or move depends on uninitialised value(s)
==10075==    at 0x40079D: grow (in /home/112401035/cs2013_112401035/lab10/src/4/4)
==10075==    by 0x400A06: insert (in /home/112401035/cs2013_112401035/lab10/src/4/4)
==10075==    by 0x400FC6: read (in /home/112401035/cs2013_112401035/lab10/src/4/4)
==10075==    by 0x401042: main (in /home/112401035/cs2013_112401035/lab10/src/4/4)
==10075== 
==10075== Use of uninitialised value of size 8
==10075==    at 0x400A4B: insert (in /home/112401035/cs2013_112401035/lab10/src/4/4)
==10075==    by 0x400FC6: read (in /home/112401035/cs2013_112401035/lab10/src/4/4)
==10075==    by 0x401042: main (in /home/112401035/cs2013_112401035/lab10/src/4/4)
==10075== 
==10075== Use of uninitialised value of size 8
==10075==    at 0x400A4D: insert (in /home/112401035/cs2013_112401035/lab10/src/4/4)
==10075==    by 0x400FC6: read (in /home/112401035/cs2013_112401035/lab10/src/4/4)
==10075==    by 0x401042: main (in /home/112401035/cs2013_112401035/lab10/src/4/4)
==10075== 
==10075== Conditional jump or move depends on uninitialised value(s)
==10075==    at 0x400B74: equal (in /home/112401035/cs2013_112401035/lab10/src/4/4)
==10075==    by 0x400BFF: add (in /home/112401035/cs2013_112401035/lab10/src/4/4)
==10075==    by 0x401055: main (in /home/112401035/cs2013_112401035/lab10/src/4/4)
==10075== 
==10075== Conditional jump or move depends on uninitialised value(s)
==10075==    at 0x400BD4: equal (in /home/112401035/cs2013_112401035/lab10/src/4/4)
==10075==    by 0x400BFF: add (in /home/112401035/cs2013_112401035/lab10/src/4/4)
==10075==    by 0x401055: main (in /home/112401035/cs2013_112401035/lab10/src/4/4)
==10075== 
==10075== Conditional jump or move depends on uninitialised value(s)
==10075==    at 0x400D4E: add (in /home/112401035/cs2013_112401035/lab10/src/4/4)
==10075==    by 0x401055: main (in /home/112401035/cs2013_112401035/lab10/src/4/4)
==10075== 
==10075== Conditional jump or move depends on uninitialised value(s)
==10075==    at 0x400E7D: add (in /home/112401035/cs2013_112401035/lab10/src/4/4)
==10075==    by 0x401055: main (in /home/112401035/cs2013_112401035/lab10/src/4/4)
==10075== 
==10075== Conditional jump or move depends on uninitialised value(s)
==10075==    at 0x400D8C: add (in /home/112401035/cs2013_112401035/lab10/src/4/4)
==10075==    by 0x401055: main (in /home/112401035/cs2013_112401035/lab10/src/4/4)
==10075== 
==10075== Conditional jump or move depends on uninitialised value(s)
==10075==    at 0x400DC4: add (in /home/112401035/cs2013_112401035/lab10/src/4/4)
==10075==    by 0x401055: main (in /home/112401035/cs2013_112401035/lab10/src/4/4)
==10075== 
==10075== Conditional jump or move depends on uninitialised value(s)
==10075==    at 0x40075B: grow (in /home/112401035/cs2013_112401035/lab10/src/4/4)
==10075==    by 0x4009A9: append (in /home/112401035/cs2013_112401035/lab10/src/4/4)
==10075==    by 0x400E4A: add (in /home/112401035/cs2013_112401035/lab10/src/4/4)
==10075==    by 0x401055: main (in /home/112401035/cs2013_112401035/lab10/src/4/4)
==10075== 
==10075== Use of uninitialised value of size 8
==10075==    at 0x4009CF: append (in /home/112401035/cs2013_112401035/lab10/src/4/4)
==10075==    by 0x400E4A: add (in /home/112401035/cs2013_112401035/lab10/src/4/4)
==10075==    by 0x401055: main (in /home/112401035/cs2013_112401035/lab10/src/4/4)
==10075== 
==10075== Conditional jump or move depends on uninitialised value(s)
==10075==    at 0x40079D: grow (in /home/112401035/cs2013_112401035/lab10/src/4/4)
==10075==    by 0x4009A9: append (in /home/112401035/cs2013_112401035/lab10/src/4/4)
==10075==    by 0x400E4A: add (in /home/112401035/cs2013_112401035/lab10/src/4/4)
==10075==    by 0x401055: main (in /home/112401035/cs2013_112401035/lab10/src/4/4)
==10075== 
==10075== Conditional jump or move depends on uninitialised value(s)
==10075==    at 0x40079D: grow (in /home/112401035/cs2013_112401035/lab10/src/4/4)
==10075==    by 0x4009A9: append (in /home/112401035/cs2013_112401035/lab10/src/4/4)
==10075==    by 0x400E9C: add (in /home/112401035/cs2013_112401035/lab10/src/4/4)
==10075==    by 0x401055: main (in /home/112401035/cs2013_112401035/lab10/src/4/4)
==10075== 
==10075== Use of uninitialised value of size 8
==10075==    at 0x4009CF: append (in /home/112401035/cs2013_112401035/lab10/src/4/4)
==10075==    by 0x400E9C: add (in /home/112401035/cs2013_112401035/lab10/src/4/4)
==10075==    by 0x401055: main (in /home/112401035/cs2013_112401035/lab10/src/4/4)
==10075== 
==10075== Conditional jump or move depends on uninitialised value(s)
==10075==    at 0x400F4B: print (in /home/112401035/cs2013_112401035/lab10/src/4/4)
==10075==    by 0x401065: main (in /home/112401035/cs2013_112401035/lab10/src/4/4)
==10075== 
==10075== Conditional jump or move depends on uninitialised value(s)
==10075==    at 0x400EEB: print (in /home/112401035/cs2013_112401035/lab10/src/4/4)
==10075==    by 0x401065: main (in /home/112401035/cs2013_112401035/lab10/src/4/4)
==10075== 
==10075== Use of uninitialised value of size 8
==10075==    at 0x400F04: print (in /home/112401035/cs2013_112401035/lab10/src/4/4)
==10075==    by 0x401065: main (in /home/112401035/cs2013_112401035/lab10/src/4/4)
==10075== 
==10075== Use of uninitialised value of size 8
==10075==    at 0x400F30: print (in /home/112401035/cs2013_112401035/lab10/src/4/4)
==10075==    by 0x401065: main (in /home/112401035/cs2013_112401035/lab10/src/4/4)
==10075== 
1111111111111111111111111110
==10075== 
==10075== HEAP SUMMARY:
==10075==     in use at exit: 0 bytes in 0 blocks
==10075==   total heap usage: 17 allocs, 17 frees, 16,564 bytes allocated
==10075== 
==10075== All heap blocks were freed -- no leaks are possible
==10075== 
==10075== Use --track-origins=yes to see where uninitialised values come from
==10075== For lists of detected and suppressed errors, rerun with: -s
==10075== ERROR SUMMARY: 70 errors from 27 contexts (suppressed: 0 from 0)
===================

===================
test4: NO LEAKS
Valgrind output: 
==10080== Memcheck, a memory error detector
==10080== Copyright (C) 2002-2022, and GNU GPL'd, by Julian Seward et al.
==10080== Using Valgrind-3.22.0 and LibVEX; rerun with -h for copyright info
==10080== Command: /home/112401035/cs2013_112401035/lab10/src/4/4
==10080== 
==10080== Conditional jump or move depends on uninitialised value(s)
==10080==    at 0x40075B: grow (in /home/112401035/cs2013_112401035/lab10/src/4/4)
==10080==    by 0x400A06: insert (in /home/112401035/cs2013_112401035/lab10/src/4/4)
==10080==    by 0x400FC6: read (in /home/112401035/cs2013_112401035/lab10/src/4/4)
==10080==    by 0x40101C: main (in /home/112401035/cs2013_112401035/lab10/src/4/4)
==10080== 
==10080== Conditional jump or move depends on uninitialised value(s)
==10080==    at 0x400A59: insert (in /home/112401035/cs2013_112401035/lab10/src/4/4)
==10080==    by 0x400FC6: read (in /home/112401035/cs2013_112401035/lab10/src/4/4)
==10080==    by 0x40101C: main (in /home/112401035/cs2013_112401035/lab10/src/4/4)
==10080== 
==10080== Conditional jump or move depends on uninitialised value(s)
==10080==    at 0x4008A3: update (in /home/112401035/cs2013_112401035/lab10/src/4/4)
==10080==    by 0x400A7F: insert (in /home/112401035/cs2013_112401035/lab10/src/4/4)
==10080==    by 0x400FC6: read (in /home/112401035/cs2013_112401035/lab10/src/4/4)
==10080==    by 0x40101C: main (in /home/112401035/cs2013_112401035/lab10/src/4/4)
==10080== 
==10080== Conditional jump or move depends on uninitialised value(s)
==10080==    at 0x40079D: grow (in /home/112401035/cs2013_112401035/lab10/src/4/4)
==10080==    by 0x400A06: insert (in /home/112401035/cs2013_112401035/lab10/src/4/4)
==10080==    by 0x400FC6: read (in /home/112401035/cs2013_112401035/lab10/src/4/4)
==10080==    by 0x40101C: main (in /home/112401035/cs2013_112401035/lab10/src/4/4)
==10080== 
==10080== Use of uninitialised value of size 8
==10080==    at 0x400A4B: insert (in /home/112401035/cs2013_112401035/lab10/src/4/4)
==10080==    by 0x400FC6: read (in /home/112401035/cs2013_112401035/lab10/src/4/4)
==10080==    by 0x40101C: main (in /home/112401035/cs2013_112401035/lab10/src/4/4)
==10080== 
==10080== Use of uninitialised value of size 8
==10080==    at 0x400A4D: insert (in /home/112401035/cs2013_112401035/lab10/src/4/4)
==10080==    by 0x400FC6: read (in /home/112401035/cs2013_112401035/lab10/src/4/4)
==10080==    by 0x40101C: main (in /home/112401035/cs2013_112401035/lab10/src/4/4)
==10080== 
==10080== Conditional jump or move depends on uninitialised value(s)
==10080==    at 0x40075B: grow (in /home/112401035/cs2013_112401035/lab10/src/4/4)
==10080==    by 0x400A06: insert (in /home/112401035/cs2013_112401035/lab10/src/4/4)
==10080==    by 0x400FC6: read (in /home/112401035/cs2013_112401035/lab10/src/4/4)
==10080==    by 0x401042: main (in /home/112401035/cs2013_112401035/lab10/src/4/4)
==10080== 
==10080== Conditional jump or move depends on uninitialised value(s)
==10080==    at 0x400A59: insert (in /home/112401035/cs2013_112401035/lab10/src/4/4)
==10080==    by 0x400FC6: read (in /home/112401035/cs2013_112401035/lab10/src/4/4)
==10080==    by 0x401042: main (in /home/112401035/cs2013_112401035/lab10/src/4/4)
==10080== 
==10080== Conditional jump or move depends on uninitialised value(s)
==10080==    at 0x4008A3: update (in /home/112401035/cs2013_112401035/lab10/src/4/4)
==10080==    by 0x400A7F: insert (in /home/112401035/cs2013_112401035/lab10/src/4/4)
==10080==    by 0x400FC6: read (in /home/112401035/cs2013_112401035/lab10/src/4/4)
==10080==    by 0x401042: main (in /home/112401035/cs2013_112401035/lab10/src/4/4)
==10080== 
==10080== Conditional jump or move depends on uninitialised value(s)
==10080==    at 0x40079D: grow (in /home/112401035/cs2013_112401035/lab10/src/4/4)
==10080==    by 0x400A06: insert (in /home/112401035/cs2013_112401035/lab10/src/4/4)
==10080==    by 0x400FC6: read (in /home/112401035/cs2013_112401035/lab10/src/4/4)
==10080==    by 0x401042: main (in /home/112401035/cs2013_112401035/lab10/src/4/4)
==10080== 
==10080== Use of uninitialised value of size 8
==10080==    at 0x400A4B: insert (in /home/112401035/cs2013_112401035/lab10/src/4/4)
==10080==    by 0x400FC6: read (in /home/112401035/cs2013_112401035/lab10/src/4/4)
==10080==    by 0x401042: main (in /home/112401035/cs2013_112401035/lab10/src/4/4)
==10080== 
==10080== Use of uninitialised value of size 8
==10080==    at 0x400A4D: insert (in /home/112401035/cs2013_112401035/lab10/src/4/4)
==10080==    by 0x400FC6: read (in /home/112401035/cs2013_112401035/lab10/src/4/4)
==10080==    by 0x401042: main (in /home/112401035/cs2013_112401035/lab10/src/4/4)
==10080== 
==10080== Conditional jump or move depends on uninitialised value(s)
==10080==    at 0x400B74: equal (in /home/112401035/cs2013_112401035/lab10/src/4/4)
==10080==    by 0x400BFF: add (in /home/112401035/cs2013_112401035/lab10/src/4/4)
==10080==    by 0x401055: main (in /home/112401035/cs2013_112401035/lab10/src/4/4)
==10080== 
==10080== Conditional jump or move depends on uninitialised value(s)
==10080==    at 0x400BD4: equal (in /home/112401035/cs2013_112401035/lab10/src/4/4)
==10080==    by 0x400BFF: add (in /home/112401035/cs2013_112401035/lab10/src/4/4)
==10080==    by 0x401055: main (in /home/112401035/cs2013_112401035/lab10/src/4/4)
==10080== 
==10080== Conditional jump or move depends on uninitialised value(s)
==10080==    at 0x400D4E: add (in /home/112401035/cs2013_112401035/lab10/src/4/4)
==10080==    by 0x401055: main (in /home/112401035/cs2013_112401035/lab10/src/4/4)
==10080== 
==10080== Conditional jump or move depends on uninitialised value(s)
==10080==    at 0x400E7D: add (in /home/112401035/cs2013_112401035/lab10/src/4/4)
==10080==    by 0x401055: main (in /home/112401035/cs2013_112401035/lab10/src/4/4)
==10080== 
==10080== Conditional jump or move depends on uninitialised value(s)
==10080==    at 0x400D8C: add (in /home/112401035/cs2013_112401035/lab10/src/4/4)
==10080==    by 0x401055: main (in /home/112401035/cs2013_112401035/lab10/src/4/4)
==10080== 
==10080== Conditional jump or move depends on uninitialised value(s)
==10080==    at 0x400DC4: add (in /home/112401035/cs2013_112401035/lab10/src/4/4)
==10080==    by 0x401055: main (in /home/112401035/cs2013_112401035/lab10/src/4/4)
==10080== 
==10080== Conditional jump or move depends on uninitialised value(s)
==10080==    at 0x40075B: grow (in /home/112401035/cs2013_112401035/lab10/src/4/4)
==10080==    by 0x4009A9: append (in /home/112401035/cs2013_112401035/lab10/src/4/4)
==10080==    by 0x400E4A: add (in /home/112401035/cs2013_112401035/lab10/src/4/4)
==10080==    by 0x401055: main (in /home/112401035/cs2013_112401035/lab10/src/4/4)
==10080== 
==10080== Use of uninitialised value of size 8
==10080==    at 0x4009CF: append (in /home/112401035/cs2013_112401035/lab10/src/4/4)
==10080==    by 0x400E4A: add (in /home/112401035/cs2013_112401035/lab10/src/4/4)
==10080==    by 0x401055: main (in /home/112401035/cs2013_112401035/lab10/src/4/4)
==10080== 
==10080== Conditional jump or move depends on uninitialised value(s)
==10080==    at 0x40079D: grow (in /home/112401035/cs2013_112401035/lab10/src/4/4)
==10080==    by 0x4009A9: append (in /home/112401035/cs2013_112401035/lab10/src/4/4)
==10080==    by 0x400E4A: add (in /home/112401035/cs2013_112401035/lab10/src/4/4)
==10080==    by 0x401055: main (in /home/112401035/cs2013_112401035/lab10/src/4/4)
==10080== 
==10080== Conditional jump or move depends on uninitialised value(s)
==10080==    at 0x400F4B: print (in /home/112401035/cs2013_112401035/lab10/src/4/4)
==10080==    by 0x401065: main (in /home/112401035/cs2013_112401035/lab10/src/4/4)
==10080== 
==10080== Conditional jump or move depends on uninitialised value(s)
==10080==    at 0x400EEB: print (in /home/112401035/cs2013_112401035/lab10/src/4/4)
==10080==    by 0x401065: main (in /home/112401035/cs2013_112401035/lab10/src/4/4)
==10080== 
==10080== Use of uninitialised value of size 8
==10080==    at 0x400F04: print (in /home/112401035/cs2013_112401035/lab10/src/4/4)
==10080==    by 0x401065: main (in /home/112401035/cs2013_112401035/lab10/src/4/4)
==10080== 
==10080== Use of uninitialised value of size 8
==10080==    at 0x400F30: print (in /home/112401035/cs2013_112401035/lab10/src/4/4)
==10080==    by 0x401065: main (in /home/112401035/cs2013_112401035/lab10/src/4/4)
==10080== 
101234586110100901100000001100000000100000000099999999
==10080== 
==10080== HEAP SUMMARY:
==10080==     in use at exit: 0 bytes in 0 blocks
==10080==   total heap usage: 20 allocs, 20 frees, 16,660 bytes allocated
==10080== 
==10080== All heap blocks were freed -- no leaks are possible
==10080== 
==10080== Use --track-origins=yes to see where uninitialised values come from
==10080== For lists of detected and suppressed errors, rerun with: -s
==10080== ERROR SUMMARY: 179 errors from 25 contexts (suppressed: 0 from 0)
===================

===================
test3: NO LEAKS
Valgrind output: 
==10085== Memcheck, a memory error detector
==10085== Copyright (C) 2002-2022, and GNU GPL'd, by Julian Seward et al.
==10085== Using Valgrind-3.22.0 and LibVEX; rerun with -h for copyright info
==10085== Command: /home/112401035/cs2013_112401035/lab10/src/4/4
==10085== 
==10085== Conditional jump or move depends on uninitialised value(s)
==10085==    at 0x40075B: grow (in /home/112401035/cs2013_112401035/lab10/src/4/4)
==10085==    by 0x400A06: insert (in /home/112401035/cs2013_112401035/lab10/src/4/4)
==10085==    by 0x400FC6: read (in /home/112401035/cs2013_112401035/lab10/src/4/4)
==10085==    by 0x40101C: main (in /home/112401035/cs2013_112401035/lab10/src/4/4)
==10085== 
==10085== Conditional jump or move depends on uninitialised value(s)
==10085==    at 0x400A59: insert (in /home/112401035/cs2013_112401035/lab10/src/4/4)
==10085==    by 0x400FC6: read (in /home/112401035/cs2013_112401035/lab10/src/4/4)
==10085==    by 0x40101C: main (in /home/112401035/cs2013_112401035/lab10/src/4/4)
==10085== 
==10085== Conditional jump or move depends on uninitialised value(s)
==10085==    at 0x4008A3: update (in /home/112401035/cs2013_112401035/lab10/src/4/4)
==10085==    by 0x400A7F: insert (in /home/112401035/cs2013_112401035/lab10/src/4/4)
==10085==    by 0x400FC6: read (in /home/112401035/cs2013_112401035/lab10/src/4/4)
==10085==    by 0x40101C: main (in /home/112401035/cs2013_112401035/lab10/src/4/4)
==10085== 
==10085== Conditional jump or move depends on uninitialised value(s)
==10085==    at 0x40079D: grow (in /home/112401035/cs2013_112401035/lab10/src/4/4)
==10085==    by 0x400A06: insert (in /home/112401035/cs2013_112401035/lab10/src/4/4)
==10085==    by 0x400FC6: read (in /home/112401035/cs2013_112401035/lab10/src/4/4)
==10085==    by 0x40101C: main (in /home/112401035/cs2013_112401035/lab10/src/4/4)
==10085== 
==10085== Use of uninitialised value of size 8
==10085==    at 0x400A4B: insert (in /home/112401035/cs2013_112401035/lab10/src/4/4)
==10085==    by 0x400FC6: read (in /home/112401035/cs2013_112401035/lab10/src/4/4)
==10085==    by 0x40101C: main (in /home/112401035/cs2013_112401035/lab10/src/4/4)
==10085== 
==10085== Use of uninitialised value of size 8
==10085==    at 0x400A4D: insert (in /home/112401035/cs2013_112401035/lab10/src/4/4)
==10085==    by 0x400FC6: read (in /home/112401035/cs2013_112401035/lab10/src/4/4)
==10085==    by 0x40101C: main (in /home/112401035/cs2013_112401035/lab10/src/4/4)
==10085== 
==10085== Conditional jump or move depends on uninitialised value(s)
==10085==    at 0x40075B: grow (in /home/112401035/cs2013_112401035/lab10/src/4/4)
==10085==    by 0x400A06: insert (in /home/112401035/cs2013_112401035/lab10/src/4/4)
==10085==    by 0x400FC6: read (in /home/112401035/cs2013_112401035/lab10/src/4/4)
==10085==    by 0x401042: main (in /home/112401035/cs2013_112401035/lab10/src/4/4)
==10085== 
==10085== Conditional jump or move depends on uninitialised value(s)
==10085==    at 0x400A59: insert (in /home/112401035/cs2013_112401035/lab10/src/4/4)
==10085==    by 0x400FC6: read (in /home/112401035/cs2013_112401035/lab10/src/4/4)
==10085==    by 0x401042: main (in /home/112401035/cs2013_112401035/lab10/src/4/4)
==10085== 
==10085== Conditional jump or move depends on uninitialised value(s)
==10085==    at 0x4008A3: update (in /home/112401035/cs2013_112401035/lab10/src/4/4)
==10085==    by 0x400A7F: insert (in /home/112401035/cs2013_112401035/lab10/src/4/4)
==10085==    by 0x400FC6: read (in /home/112401035/cs2013_112401035/lab10/src/4/4)
==10085==    by 0x401042: main (in /home/112401035/cs2013_112401035/lab10/src/4/4)
==10085== 
==10085== Conditional jump or move depends on uninitialised value(s)
==10085==    at 0x40079D: grow (in /home/112401035/cs2013_112401035/lab10/src/4/4)
==10085==    by 0x400A06: insert (in /home/112401035/cs2013_112401035/lab10/src/4/4)
==10085==    by 0x400FC6: read (in /home/112401035/cs2013_112401035/lab10/src/4/4)
==10085==    by 0x401042: main (in /home/112401035/cs2013_112401035/lab10/src/4/4)
==10085== 
==10085== Use of uninitialised value of size 8
==10085==    at 0x400A4B: insert (in /home/112401035/cs2013_112401035/lab10/src/4/4)
==10085==    by 0x400FC6: read (in /home/112401035/cs2013_112401035/lab10/src/4/4)
==10085==    by 0x401042: main (in /home/112401035/cs2013_112401035/lab10/src/4/4)
==10085== 
==10085== Use of uninitialised value of size 8
==10085==    at 0x400A4D: insert (in /home/112401035/cs2013_112401035/lab10/src/4/4)
==10085==    by 0x400FC6: read (in /home/112401035/cs2013_112401035/lab10/src/4/4)
==10085==    by 0x401042: main (in /home/112401035/cs2013_112401035/lab10/src/4/4)
==10085== 
==10085== Conditional jump or move depends on uninitialised value(s)
==10085==    at 0x400B74: equal (in /home/112401035/cs2013_112401035/lab10/src/4/4)
==10085==    by 0x400BFF: add (in /home/112401035/cs2013_112401035/lab10/src/4/4)
==10085==    by 0x401055: main (in /home/112401035/cs2013_112401035/lab10/src/4/4)
==10085== 
==10085== Conditional jump or move depends on uninitialised value(s)
==10085==    at 0x400BD4: equal (in /home/112401035/cs2013_112401035/lab10/src/4/4)
==10085==    by 0x400BFF: add (in /home/112401035/cs2013_112401035/lab10/src/4/4)
==10085==    by 0x401055: main (in /home/112401035/cs2013_112401035/lab10/src/4/4)
==10085== 
==10085== Conditional jump or move depends on uninitialised value(s)
==10085==    at 0x400D4E: add (in /home/112401035/cs2013_112401035/lab10/src/4/4)
==10085==    by 0x401055: main (in /home/112401035/cs2013_112401035/lab10/src/4/4)
==10085== 
==10085== Conditional jump or move depends on uninitialised value(s)
==10085==    at 0x400E7D: add (in /home/112401035/cs2013_112401035/lab10/src/4/4)
==10085==    by 0x401055: main (in /home/112401035/cs2013_112401035/lab10/src/4/4)
==10085== 
==10085== Conditional jump or move depends on uninitialised value(s)
==10085==    at 0x400D8C: add (in /home/112401035/cs2013_112401035/lab10/src/4/4)
==10085==    by 0x401055: main (in /home/112401035/cs2013_112401035/lab10/src/4/4)
==10085== 
==10085== Conditional jump or move depends on uninitialised value(s)
==10085==    at 0x400DC4: add (in /home/112401035/cs2013_112401035/lab10/src/4/4)
==10085==    by 0x401055: main (in /home/112401035/cs2013_112401035/lab10/src/4/4)
==10085== 
==10085== Conditional jump or move depends on uninitialised value(s)
==10085==    at 0x40075B: grow (in /home/112401035/cs2013_112401035/lab10/src/4/4)
==10085==    by 0x4009A9: append (in /home/112401035/cs2013_112401035/lab10/src/4/4)
==10085==    by 0x400E4A: add (in /home/112401035/cs2013_112401035/lab10/src/4/4)
==10085==    by 0x401055: main (in /home/112401035/cs2013_112401035/lab10/src/4/4)
==10085== 
==10085== Use of uninitialised value of size 8
==10085==    at 0x4009CF: append (in /home/112401035/cs2013_112401035/lab10/src/4/4)
==10085==    by 0x400E4A: add (in /home/112401035/cs2013_112401035/lab10/src/4/4)
==10085==    by 0x401055: main (in /home/112401035/cs2013_112401035/lab10/src/4/4)
==10085== 
==10085== Conditional jump or move depends on uninitialised value(s)
==10085==    at 0x40079D: grow (in /home/112401035/cs2013_112401035/lab10/src/4/4)
==10085==    by 0x4009A9: append (in /home/112401035/cs2013_112401035/lab10/src/4/4)
==10085==    by 0x400E4A: add (in /home/112401035/cs2013_112401035/lab10/src/4/4)
==10085==    by 0x401055: main (in /home/112401035/cs2013_112401035/lab10/src/4/4)
==10085== 
==10085== Conditional jump or move depends on uninitialised value(s)
==10085==    at 0x40079D: grow (in /home/112401035/cs2013_112401035/lab10/src/4/4)
==10085==    by 0x4009A9: append (in /home/112401035/cs2013_112401035/lab10/src/4/4)
==10085==    by 0x400E9C: add (in /home/112401035/cs2013_112401035/lab10/src/4/4)
==10085==    by 0x401055: main (in /home/112401035/cs2013_112401035/lab10/src/4/4)
==10085== 
==10085== Use of uninitialised value of size 8
==10085==    at 0x4009CF: append (in /home/112401035/cs2013_112401035/lab10/src/4/4)
==10085==    by 0x400E9C: add (in /home/112401035/cs2013_112401035/lab10/src/4/4)
==10085==    by 0x401055: main (in /home/112401035/cs2013_112401035/lab10/src/4/4)
==10085== 
==10085== Conditional jump or move depends on uninitialised value(s)
==10085==    at 0x400F4B: print (in /home/112401035/cs2013_112401035/lab10/src/4/4)
==10085==    by 0x401065: main (in /home/112401035/cs2013_112401035/lab10/src/4/4)
==10085== 
==10085== Conditional jump or move depends on uninitialised value(s)
==10085==    at 0x400EEB: print (in /home/112401035/cs2013_112401035/lab10/src/4/4)
==10085==    by 0x401065: main (in /home/112401035/cs2013_112401035/lab10/src/4/4)
==10085== 
==10085== Use of uninitialised value of size 8
==10085==    at 0x400F04: print (in /home/112401035/cs2013_112401035/lab10/src/4/4)
==10085==    by 0x401065: main (in /home/112401035/cs2013_112401035/lab10/src/4/4)
==10085== 
==10085== Use of uninitialised value of size 8
==10085==    at 0x400F30: print (in /home/112401035/cs2013_112401035/lab10/src/4/4)
==10085==    by 0x401065: main (in /home/112401035/cs2013_112401035/lab10/src/4/4)
==10085== 
1100000000099999999
==10085== 
==10085== HEAP SUMMARY:
==10085==     in use at exit: 0 bytes in 0 blocks
==10085==   total heap usage: 15 allocs, 15 frees, 16,532 bytes allocated
==10085== 
==10085== All heap blocks were freed -- no leaks are possible
==10085== 
==10085== Use --track-origins=yes to see where uninitialised values come from
==10085== For lists of detected and suppressed errors, rerun with: -s
==10085== ERROR SUMMARY: 44 errors from 27 contexts (suppressed: 0 from 0)
===================

++++++++++++++++++++++
TESTS_WITH_NO_LEAK: 11
TESTS_SHOWING_LEAK: 0
++++++++++++++++++++++

