===================
test5: NO LEAKS
Valgrind output: 
==15480== Memcheck, a memory error detector
==15480== Copyright (C) 2002-2022, and GNU GPL'd, by Julian Seward et al.
==15480== Using Valgrind-3.22.0 and LibVEX; rerun with -h for copyright info
==15480== Command: /home/112401035/cs2013_112401035/labe3/src/3/3
==15480== 
1/3
1/2
1/3
1/3
1/2
1/2
==15480== 
==15480== HEAP SUMMARY:
==15480==     in use at exit: 0 bytes in 0 blocks
==15480==   total heap usage: 2 allocs, 2 frees, 16,384 bytes allocated
==15480== 
==15480== All heap blocks were freed -- no leaks are possible
==15480== 
==15480== For lists of detected and suppressed errors, rerun with: -s
==15480== ERROR SUMMARY: 0 errors from 0 contexts (suppressed: 0 from 0)
===================

===================
test9: NO LEAKS
Valgrind output: 
==15485== Memcheck, a memory error detector
==15485== Copyright (C) 2002-2022, and GNU GPL'd, by Julian Seward et al.
==15485== Using Valgrind-3.22.0 and LibVEX; rerun with -h for copyright info
==15485== Command: /home/112401035/cs2013_112401035/labe3/src/3/3
==15485== 
1/5
1/4
1/2
1/3
1/3
==15485== 
==15485== HEAP SUMMARY:
==15485==     in use at exit: 0 bytes in 0 blocks
==15485==   total heap usage: 2 allocs, 2 frees, 16,384 bytes allocated
==15485== 
==15485== All heap blocks were freed -- no leaks are possible
==15485== 
==15485== For lists of detected and suppressed errors, rerun with: -s
==15485== ERROR SUMMARY: 0 errors from 0 contexts (suppressed: 0 from 0)
===================

===================
test7: NO LEAKS
Valgrind output: 
==15490== Memcheck, a memory error detector
==15490== Copyright (C) 2002-2022, and GNU GPL'd, by Julian Seward et al.
==15490== Using Valgrind-3.22.0 and LibVEX; rerun with -h for copyright info
==15490== Command: /home/112401035/cs2013_112401035/labe3/src/3/3
==15490== 
1/3
1/3
1/3
1/5
1/2
1/2
==15490== 
==15490== HEAP SUMMARY:
==15490==     in use at exit: 0 bytes in 0 blocks
==15490==   total heap usage: 2 allocs, 2 frees, 16,384 bytes allocated
==15490== 
==15490== All heap blocks were freed -- no leaks are possible
==15490== 
==15490== For lists of detected and suppressed errors, rerun with: -s
==15490== ERROR SUMMARY: 0 errors from 0 contexts (suppressed: 0 from 0)
===================

===================
test0: NO LEAKS
Valgrind output: 
==15495== Memcheck, a memory error detector
==15495== Copyright (C) 2002-2022, and GNU GPL'd, by Julian Seward et al.
==15495== Using Valgrind-3.22.0 and LibVEX; rerun with -h for copyright info
==15495== Command: /home/112401035/cs2013_112401035/labe3/src/3/3
==15495== 
1/2
Invalid
==15495== 
==15495== HEAP SUMMARY:
==15495==     in use at exit: 0 bytes in 0 blocks
==15495==   total heap usage: 2 allocs, 2 frees, 16,384 bytes allocated
==15495== 
==15495== All heap blocks were freed -- no leaks are possible
==15495== 
==15495== For lists of detected and suppressed errors, rerun with: -s
==15495== ERROR SUMMARY: 0 errors from 0 contexts (suppressed: 0 from 0)
===================

===================
test2: NO LEAKS
Valgrind output: 
==15500== Memcheck, a memory error detector
==15500== Copyright (C) 2002-2022, and GNU GPL'd, by Julian Seward et al.
==15500== Using Valgrind-3.22.0 and LibVEX; rerun with -h for copyright info
==15500== Command: /home/112401035/cs2013_112401035/labe3/src/3/3
==15500== 
1/3
1/3
1/3
1/4
1/2
-1/3
1/2
==15500== 
==15500== HEAP SUMMARY:
==15500==     in use at exit: 0 bytes in 0 blocks
==15500==   total heap usage: 2 allocs, 2 frees, 16,384 bytes allocated
==15500== 
==15500== All heap blocks were freed -- no leaks are possible
==15500== 
==15500== For lists of detected and suppressed errors, rerun with: -s
==15500== ERROR SUMMARY: 0 errors from 0 contexts (suppressed: 0 from 0)
===================

===================
test8: NO LEAKS
Valgrind output: 
==15505== Memcheck, a memory error detector
==15505== Copyright (C) 2002-2022, and GNU GPL'd, by Julian Seward et al.
==15505== Using Valgrind-3.22.0 and LibVEX; rerun with -h for copyright info
==15505== Command: /home/112401035/cs2013_112401035/labe3/src/3/3
==15505== 
1/2
1/2
1/3
1/2
1/3
1/2
1/2
1/2
1/2
1/2
1/2
1/5
1/2
==15505== 
==15505== HEAP SUMMARY:
==15505==     in use at exit: 0 bytes in 0 blocks
==15505==   total heap usage: 2 allocs, 2 frees, 16,384 bytes allocated
==15505== 
==15505== All heap blocks were freed -- no leaks are possible
==15505== 
==15505== For lists of detected and suppressed errors, rerun with: -s
==15505== ERROR SUMMARY: 0 errors from 0 contexts (suppressed: 0 from 0)
===================

===================
test6: NO LEAKS
Valgrind output: 
==15510== Memcheck, a memory error detector
==15510== Copyright (C) 2002-2022, and GNU GPL'd, by Julian Seward et al.
==15510== Using Valgrind-3.22.0 and LibVEX; rerun with -h for copyright info
==15510== Command: /home/112401035/cs2013_112401035/labe3/src/3/3
==15510== 
1/3
1/2
1/2
1/3
Invalid
1/2
1/3
9/2
==15510== 
==15510== HEAP SUMMARY:
==15510==     in use at exit: 0 bytes in 0 blocks
==15510==   total heap usage: 2 allocs, 2 frees, 16,384 bytes allocated
==15510== 
==15510== All heap blocks were freed -- no leaks are possible
==15510== 
==15510== For lists of detected and suppressed errors, rerun with: -s
==15510== ERROR SUMMARY: 0 errors from 0 contexts (suppressed: 0 from 0)
===================

===================
test1: NO LEAKS
Valgrind output: 
==15515== Memcheck, a memory error detector
==15515== Copyright (C) 2002-2022, and GNU GPL'd, by Julian Seward et al.
==15515== Using Valgrind-3.22.0 and LibVEX; rerun with -h for copyright info
==15515== Command: /home/112401035/cs2013_112401035/labe3/src/3/3
==15515== 
1/3
1/2
-1/2
1/4
-1/2
==15515== 
==15515== HEAP SUMMARY:
==15515==     in use at exit: 0 bytes in 0 blocks
==15515==   total heap usage: 2 allocs, 2 frees, 16,384 bytes allocated
==15515== 
==15515== All heap blocks were freed -- no leaks are possible
==15515== 
==15515== For lists of detected and suppressed errors, rerun with: -s
==15515== ERROR SUMMARY: 0 errors from 0 contexts (suppressed: 0 from 0)
===================

===================
test10: NO LEAKS
Valgrind output: 
==15520== Memcheck, a memory error detector
==15520== Copyright (C) 2002-2022, and GNU GPL'd, by Julian Seward et al.
==15520== Using Valgrind-3.22.0 and LibVEX; rerun with -h for copyright info
==15520== Command: /home/112401035/cs2013_112401035/labe3/src/3/3
==15520== 
3/1
Invalid
==15520== 
==15520== HEAP SUMMARY:
==15520==     in use at exit: 0 bytes in 0 blocks
==15520==   total heap usage: 2 allocs, 2 frees, 16,384 bytes allocated
==15520== 
==15520== All heap blocks were freed -- no leaks are possible
==15520== 
==15520== For lists of detected and suppressed errors, rerun with: -s
==15520== ERROR SUMMARY: 0 errors from 0 contexts (suppressed: 0 from 0)
===================

===================
test4: NO LEAKS
Valgrind output: 
==15525== Memcheck, a memory error detector
==15525== Copyright (C) 2002-2022, and GNU GPL'd, by Julian Seward et al.
==15525== Using Valgrind-3.22.0 and LibVEX; rerun with -h for copyright info
==15525== Command: /home/112401035/cs2013_112401035/labe3/src/3/3
==15525== 
-1/2
1/3
1/2
Invalid
1/3
1/2
==15525== 
==15525== HEAP SUMMARY:
==15525==     in use at exit: 0 bytes in 0 blocks
==15525==   total heap usage: 2 allocs, 2 frees, 16,384 bytes allocated
==15525== 
==15525== All heap blocks were freed -- no leaks are possible
==15525== 
==15525== For lists of detected and suppressed errors, rerun with: -s
==15525== ERROR SUMMARY: 0 errors from 0 contexts (suppressed: 0 from 0)
===================

===================
test3: NO LEAKS
Valgrind output: 
==15530== Memcheck, a memory error detector
==15530== Copyright (C) 2002-2022, and GNU GPL'd, by Julian Seward et al.
==15530== Using Valgrind-3.22.0 and LibVEX; rerun with -h for copyright info
==15530== Command: /home/112401035/cs2013_112401035/labe3/src/3/3
==15530== 
1/2
1/3
1/3
1/2
1/3
==15530== 
==15530== HEAP SUMMARY:
==15530==     in use at exit: 0 bytes in 0 blocks
==15530==   total heap usage: 2 allocs, 2 frees, 16,384 bytes allocated
==15530== 
==15530== All heap blocks were freed -- no leaks are possible
==15530== 
==15530== For lists of detected and suppressed errors, rerun with: -s
==15530== ERROR SUMMARY: 0 errors from 0 contexts (suppressed: 0 from 0)
===================

++++++++++++++++++++++
TESTS_WITH_NO_LEAK: 11
TESTS_SHOWING_LEAK: 0
++++++++++++++++++++++

